<?xml version="1.0" encoding="utf-8"?>
<coverage line-rate="0.4462" branch-rate="0.4458" version="1.9" timestamp="1762695141" lines-covered="1579" lines-valid="3538" branches-covered="622" branches-valid="1395">
  <sources>
    <source>D:\FoodBook_PRN212_Group4_Fa25\</source>
  </sources>
  <packages>
    <package name="Foodbook.Business" line-rate="0.4343" branch-rate="0.4458" complexity="1750">
      <classes>
        <class name="Foodbook.Business.ServiceContainer" filename="Foodbook.Business\ServiceContainer.cs" line-rate="0" branch-rate="0" complexity="8">
          <methods>
            <method name="AddBusinessServices" signature="(Microsoft.Extensions.DependencyInjection.IServiceCollection,System.String)" line-rate="0" branch-rate="1" complexity="1">
              <lines>
                <line number="16" hits="0" branch="False" />
                <line number="17" hits="0" branch="False" />
                <line number="20" hits="0" branch="False" />
                <line number="21" hits="0" branch="False" />
                <line number="22" hits="0" branch="False" />
                <line number="23" hits="0" branch="False" />
                <line number="24" hits="0" branch="False" />
                <line number="25" hits="0" branch="False" />
                <line number="26" hits="0" branch="False" />
                <line number="27" hits="0" branch="False" />
                <line number="30" hits="0" branch="False" />
                <line number="33" hits="0" branch="False" />
                <line number="36" hits="0" branch="False" />
                <line number="38" hits="0" branch="False" />
              </lines>
            </method>
            <method name="Initialize" signature="(System.IServiceProvider)" line-rate="0" branch-rate="1" complexity="1">
              <lines>
                <line number="43" hits="0" branch="False" />
                <line number="44" hits="0" branch="False" />
              </lines>
            </method>
            <method name="GetService" signature="()" line-rate="0" branch-rate="0" complexity="4">
              <lines>
                <line number="48" hits="0" branch="True" condition-coverage="0% (0/2)">
                  <conditions>
                    <condition number="5" type="jump" coverage="0%" />
                  </conditions>
                </line>
                <line number="49" hits="0" branch="False" />
                <line number="54" hits="0" branch="False" />
                <line number="55" hits="0" branch="False" />
                <line number="59" hits="0" branch="True" condition-coverage="0% (0/2)">
                  <conditions>
                    <condition number="51" type="jump" coverage="0%" />
                  </conditions>
                </line>
                <line number="63" hits="0" branch="False" />
                <line number="68" hits="0" branch="False" />
                <line number="71" hits="0" branch="False" />
                <line number="73" hits="0" branch="False" />
              </lines>
            </method>
            <method name="CreateScope" signature="()" line-rate="0" branch-rate="0" complexity="2">
              <lines>
                <line number="78" hits="0" branch="True" condition-coverage="0% (0/2)">
                  <conditions>
                    <condition number="5" type="jump" coverage="0%" />
                  </conditions>
                </line>
                <line number="79" hits="0" branch="False" />
                <line number="81" hits="0" branch="False" />
              </lines>
            </method>
          </methods>
          <lines>
            <line number="16" hits="0" branch="False" />
            <line number="17" hits="0" branch="False" />
            <line number="20" hits="0" branch="False" />
            <line number="21" hits="0" branch="False" />
            <line number="22" hits="0" branch="False" />
            <line number="23" hits="0" branch="False" />
            <line number="24" hits="0" branch="False" />
            <line number="25" hits="0" branch="False" />
            <line number="26" hits="0" branch="False" />
            <line number="27" hits="0" branch="False" />
            <line number="30" hits="0" branch="False" />
            <line number="33" hits="0" branch="False" />
            <line number="36" hits="0" branch="False" />
            <line number="38" hits="0" branch="False" />
            <line number="43" hits="0" branch="False" />
            <line number="44" hits="0" branch="False" />
            <line number="48" hits="0" branch="True" condition-coverage="0% (0/2)">
              <conditions>
                <condition number="5" type="jump" coverage="0%" />
              </conditions>
            </line>
            <line number="49" hits="0" branch="False" />
            <line number="54" hits="0" branch="False" />
            <line number="55" hits="0" branch="False" />
            <line number="59" hits="0" branch="True" condition-coverage="0% (0/2)">
              <conditions>
                <condition number="51" type="jump" coverage="0%" />
              </conditions>
            </line>
            <line number="63" hits="0" branch="False" />
            <line number="68" hits="0" branch="False" />
            <line number="71" hits="0" branch="False" />
            <line number="73" hits="0" branch="False" />
            <line number="78" hits="0" branch="True" condition-coverage="0% (0/2)">
              <conditions>
                <condition number="5" type="jump" coverage="0%" />
              </conditions>
            </line>
            <line number="79" hits="0" branch="False" />
            <line number="81" hits="0" branch="False" />
          </lines>
        </class>
        <class name="Foodbook.Business.Interfaces.LogEntry" filename="Foodbook.Business\Services\Interfaces\ILoggingService.cs" line-rate="0" branch-rate="1" complexity="11">
          <methods>
            <method name="get_Id" signature="()" line-rate="0" branch-rate="1" complexity="1">
              <lines>
                <line number="16" hits="0" branch="False" />
              </lines>
            </method>
            <method name="get_Timestamp" signature="()" line-rate="0" branch-rate="1" complexity="1">
              <lines>
                <line number="17" hits="0" branch="False" />
              </lines>
            </method>
            <method name="get_FeatureName" signature="()" line-rate="0" branch-rate="1" complexity="1">
              <lines>
                <line number="18" hits="0" branch="False" />
              </lines>
            </method>
            <method name="get_UserId" signature="()" line-rate="0" branch-rate="1" complexity="1">
              <lines>
                <line number="19" hits="0" branch="False" />
              </lines>
            </method>
            <method name="get_LogType" signature="()" line-rate="0" branch-rate="1" complexity="1">
              <lines>
                <line number="20" hits="0" branch="False" />
              </lines>
            </method>
            <method name="get_Message" signature="()" line-rate="0" branch-rate="1" complexity="1">
              <lines>
                <line number="21" hits="0" branch="False" />
              </lines>
            </method>
            <method name="get_Details" signature="()" line-rate="0" branch-rate="1" complexity="1">
              <lines>
                <line number="22" hits="0" branch="False" />
              </lines>
            </method>
            <method name="get_Context" signature="()" line-rate="0" branch-rate="1" complexity="1">
              <lines>
                <line number="23" hits="0" branch="False" />
              </lines>
            </method>
            <method name="get_Duration" signature="()" line-rate="0" branch-rate="1" complexity="1">
              <lines>
                <line number="24" hits="0" branch="False" />
              </lines>
            </method>
            <method name="get_ExceptionType" signature="()" line-rate="0" branch-rate="1" complexity="1">
              <lines>
                <line number="25" hits="0" branch="False" />
              </lines>
            </method>
            <method name="get_StackTrace" signature="()" line-rate="0" branch-rate="1" complexity="1">
              <lines>
                <line number="26" hits="0" branch="False" />
              </lines>
            </method>
          </methods>
          <lines>
            <line number="16" hits="0" branch="False" />
            <line number="17" hits="0" branch="False" />
            <line number="18" hits="0" branch="False" />
            <line number="19" hits="0" branch="False" />
            <line number="20" hits="0" branch="False" />
            <line number="21" hits="0" branch="False" />
            <line number="22" hits="0" branch="False" />
            <line number="23" hits="0" branch="False" />
            <line number="24" hits="0" branch="False" />
            <line number="25" hits="0" branch="False" />
            <line number="26" hits="0" branch="False" />
          </lines>
        </class>
        <class name="Foodbook.Business.Interfaces.NutritionAnalysisResult" filename="Foodbook.Business\Services\Interfaces\INutritionService.cs" line-rate="1" branch-rate="1" complexity="16">
          <methods>
            <method name="get_TotalCalories" signature="()" line-rate="1" branch-rate="1" complexity="1">
              <lines>
                <line number="24" hits="114" branch="False" />
              </lines>
            </method>
            <method name="get_TotalProtein" signature="()" line-rate="1" branch-rate="1" complexity="1">
              <lines>
                <line number="25" hits="182" branch="False" />
              </lines>
            </method>
            <method name="get_TotalCarbs" signature="()" line-rate="1" branch-rate="1" complexity="1">
              <lines>
                <line number="26" hits="140" branch="False" />
              </lines>
            </method>
            <method name="get_TotalFat" signature="()" line-rate="1" branch-rate="1" complexity="1">
              <lines>
                <line number="27" hits="160" branch="False" />
              </lines>
            </method>
            <method name="get_TotalFiber" signature="()" line-rate="1" branch-rate="1" complexity="1">
              <lines>
                <line number="28" hits="206" branch="False" />
              </lines>
            </method>
            <method name="get_TotalSugar" signature="()" line-rate="1" branch-rate="1" complexity="1">
              <lines>
                <line number="29" hits="77" branch="False" />
              </lines>
            </method>
            <method name="get_TotalSodium" signature="()" line-rate="1" branch-rate="1" complexity="1">
              <lines>
                <line number="30" hits="167" branch="False" />
              </lines>
            </method>
            <method name="get_TotalCholesterol" signature="()" line-rate="1" branch-rate="1" complexity="1">
              <lines>
                <line number="31" hits="65" branch="False" />
              </lines>
            </method>
            <method name="get_TotalSaturatedFat" signature="()" line-rate="1" branch-rate="1" complexity="1">
              <lines>
                <line number="32" hits="69" branch="False" />
              </lines>
            </method>
            <method name="get_TotalTransFat" signature="()" line-rate="1" branch-rate="1" complexity="1">
              <lines>
                <line number="33" hits="65" branch="False" />
              </lines>
            </method>
            <method name="get_Vitamins" signature="()" line-rate="1" branch-rate="1" complexity="1">
              <lines>
                <line number="34" hits="57" branch="False" />
              </lines>
            </method>
            <method name="get_Minerals" signature="()" line-rate="1" branch-rate="1" complexity="1">
              <lines>
                <line number="35" hits="54" branch="False" />
              </lines>
            </method>
            <method name="get_Rating" signature="()" line-rate="1" branch-rate="1" complexity="1">
              <lines>
                <line number="36" hits="116" branch="False" />
              </lines>
            </method>
            <method name="get_Alerts" signature="()" line-rate="1" branch-rate="1" complexity="1">
              <lines>
                <line number="37" hits="54" branch="False" />
              </lines>
            </method>
            <method name="get_Recommendations" signature="()" line-rate="1" branch-rate="1" complexity="1">
              <lines>
                <line number="38" hits="62" branch="False" />
              </lines>
            </method>
            <method name="get_AnalysisSummary" signature="()" line-rate="1" branch-rate="1" complexity="1">
              <lines>
                <line number="39" hits="57" branch="False" />
              </lines>
            </method>
          </methods>
          <lines>
            <line number="24" hits="114" branch="False" />
            <line number="25" hits="182" branch="False" />
            <line number="26" hits="140" branch="False" />
            <line number="27" hits="160" branch="False" />
            <line number="28" hits="206" branch="False" />
            <line number="29" hits="77" branch="False" />
            <line number="30" hits="167" branch="False" />
            <line number="31" hits="65" branch="False" />
            <line number="32" hits="69" branch="False" />
            <line number="33" hits="65" branch="False" />
            <line number="34" hits="57" branch="False" />
            <line number="35" hits="54" branch="False" />
            <line number="36" hits="116" branch="False" />
            <line number="37" hits="54" branch="False" />
            <line number="38" hits="62" branch="False" />
            <line number="39" hits="57" branch="False" />
          </lines>
        </class>
        <class name="Foodbook.Business.Interfaces.VitaminInfo" filename="Foodbook.Business\Services\Interfaces\INutritionService.cs" line-rate="1" branch-rate="1" complexity="5">
          <methods>
            <method name="get_Name" signature="()" line-rate="1" branch-rate="1" complexity="1">
              <lines>
                <line number="44" hits="185" branch="False" />
              </lines>
            </method>
            <method name="get_Amount" signature="()" line-rate="1" branch-rate="1" complexity="1">
              <lines>
                <line number="45" hits="124" branch="False" />
              </lines>
            </method>
            <method name="get_Unit" signature="()" line-rate="1" branch-rate="1" complexity="1">
              <lines>
                <line number="46" hits="170" branch="False" />
              </lines>
            </method>
            <method name="get_DailyValue" signature="()" line-rate="1" branch-rate="1" complexity="1">
              <lines>
                <line number="47" hits="85" branch="False" />
              </lines>
            </method>
            <method name="get_Benefits" signature="()" line-rate="1" branch-rate="1" complexity="1">
              <lines>
                <line number="48" hits="170" branch="False" />
              </lines>
            </method>
          </methods>
          <lines>
            <line number="44" hits="185" branch="False" />
            <line number="45" hits="124" branch="False" />
            <line number="46" hits="170" branch="False" />
            <line number="47" hits="85" branch="False" />
            <line number="48" hits="170" branch="False" />
          </lines>
        </class>
        <class name="Foodbook.Business.Interfaces.MineralInfo" filename="Foodbook.Business\Services\Interfaces\INutritionService.cs" line-rate="1" branch-rate="1" complexity="5">
          <methods>
            <method name="get_Name" signature="()" line-rate="1" branch-rate="1" complexity="1">
              <lines>
                <line number="53" hits="177" branch="False" />
              </lines>
            </method>
            <method name="get_Amount" signature="()" line-rate="1" branch-rate="1" complexity="1">
              <lines>
                <line number="54" hits="116" branch="False" />
              </lines>
            </method>
            <method name="get_Unit" signature="()" line-rate="1" branch-rate="1" complexity="1">
              <lines>
                <line number="55" hits="170" branch="False" />
              </lines>
            </method>
            <method name="get_DailyValue" signature="()" line-rate="1" branch-rate="1" complexity="1">
              <lines>
                <line number="56" hits="85" branch="False" />
              </lines>
            </method>
            <method name="get_Benefits" signature="()" line-rate="1" branch-rate="1" complexity="1">
              <lines>
                <line number="57" hits="170" branch="False" />
              </lines>
            </method>
          </methods>
          <lines>
            <line number="53" hits="177" branch="False" />
            <line number="54" hits="116" branch="False" />
            <line number="55" hits="170" branch="False" />
            <line number="56" hits="85" branch="False" />
            <line number="57" hits="170" branch="False" />
          </lines>
        </class>
        <class name="Foodbook.Business.Interfaces.NutritionRating" filename="Foodbook.Business\Services\Interfaces\INutritionService.cs" line-rate="1" branch-rate="1" complexity="5">
          <methods>
            <method name="get_OverallScore" signature="()" line-rate="1" branch-rate="1" complexity="1">
              <lines>
                <line number="62" hits="33" branch="False" />
              </lines>
            </method>
            <method name="get_Grade" signature="()" line-rate="1" branch-rate="1" complexity="1">
              <lines>
                <line number="63" hits="97" branch="False" />
              </lines>
            </method>
            <method name="get_Description" signature="()" line-rate="1" branch-rate="1" complexity="1">
              <lines>
                <line number="64" hits="93" branch="False" />
              </lines>
            </method>
            <method name="get_Strengths" signature="()" line-rate="1" branch-rate="1" complexity="1">
              <lines>
                <line number="65" hits="72" branch="False" />
              </lines>
            </method>
            <method name="get_Improvements" signature="()" line-rate="1" branch-rate="1" complexity="1">
              <lines>
                <line number="66" hits="71" branch="False" />
              </lines>
            </method>
          </methods>
          <lines>
            <line number="62" hits="33" branch="False" />
            <line number="63" hits="97" branch="False" />
            <line number="64" hits="93" branch="False" />
            <line number="65" hits="72" branch="False" />
            <line number="66" hits="71" branch="False" />
          </lines>
        </class>
        <class name="Foodbook.Business.Interfaces.HealthAlert" filename="Foodbook.Business\Services\Interfaces\INutritionService.cs" line-rate="1" branch-rate="1" complexity="4">
          <methods>
            <method name="get_Type" signature="()" line-rate="1" branch-rate="1" complexity="1">
              <lines>
                <line number="71" hits="61" branch="False" />
              </lines>
            </method>
            <method name="get_Message" signature="()" line-rate="1" branch-rate="1" complexity="1">
              <lines>
                <line number="72" hits="63" branch="False" />
              </lines>
            </method>
            <method name="get_Icon" signature="()" line-rate="1" branch-rate="1" complexity="1">
              <lines>
                <line number="73" hits="61" branch="False" />
              </lines>
            </method>
            <method name="get_Color" signature="()" line-rate="1" branch-rate="1" complexity="1">
              <lines>
                <line number="74" hits="58" branch="False" />
              </lines>
            </method>
          </methods>
          <lines>
            <line number="71" hits="61" branch="False" />
            <line number="72" hits="63" branch="False" />
            <line number="73" hits="61" branch="False" />
            <line number="74" hits="58" branch="False" />
          </lines>
        </class>
        <class name="Foodbook.Business.Interfaces.NutritionRecommendation" filename="Foodbook.Business\Services\Interfaces\INutritionService.cs" line-rate="1" branch-rate="1" complexity="6">
          <methods>
            <method name="get_Goal" signature="()" line-rate="1" branch-rate="1" complexity="1">
              <lines>
                <line number="79" hits="12" branch="False" />
              </lines>
            </method>
            <method name="get_Suggestions" signature="()" line-rate="1" branch-rate="1" complexity="1">
              <lines>
                <line number="80" hits="25" branch="False" />
              </lines>
            </method>
            <method name="get_FoodsToAdd" signature="()" line-rate="1" branch-rate="1" complexity="1">
              <lines>
                <line number="81" hits="12" branch="False" />
              </lines>
            </method>
            <method name="get_FoodsToReduce" signature="()" line-rate="1" branch-rate="1" complexity="1">
              <lines>
                <line number="82" hits="11" branch="False" />
              </lines>
            </method>
            <method name="get_MealTiming" signature="()" line-rate="1" branch-rate="1" complexity="1">
              <lines>
                <line number="83" hits="9" branch="False" />
              </lines>
            </method>
            <method name="get_Hydration" signature="()" line-rate="1" branch-rate="1" complexity="1">
              <lines>
                <line number="84" hits="9" branch="False" />
              </lines>
            </method>
          </methods>
          <lines>
            <line number="79" hits="12" branch="False" />
            <line number="80" hits="25" branch="False" />
            <line number="81" hits="12" branch="False" />
            <line number="82" hits="11" branch="False" />
            <line number="83" hits="9" branch="False" />
            <line number="84" hits="9" branch="False" />
          </lines>
        </class>
        <class name="Foodbook.Business.Interfaces.NutritionComparison" filename="Foodbook.Business\Services\Interfaces\INutritionService.cs" line-rate="1" branch-rate="1" complexity="7">
          <methods>
            <method name="get_Recipe1" signature="()" line-rate="1" branch-rate="1" complexity="1">
              <lines>
                <line number="89" hits="3" branch="False" />
              </lines>
            </method>
            <method name="get_Recipe2" signature="()" line-rate="1" branch-rate="1" complexity="1">
              <lines>
                <line number="90" hits="3" branch="False" />
              </lines>
            </method>
            <method name="get_Nutrition1" signature="()" line-rate="1" branch-rate="1" complexity="1">
              <lines>
                <line number="91" hits="4" branch="False" />
              </lines>
            </method>
            <method name="get_Nutrition2" signature="()" line-rate="1" branch-rate="1" complexity="1">
              <lines>
                <line number="92" hits="4" branch="False" />
              </lines>
            </method>
            <method name="get_Comparisons" signature="()" line-rate="1" branch-rate="1" complexity="1">
              <lines>
                <line number="93" hits="3" branch="False" />
              </lines>
            </method>
            <method name="get_Winner" signature="()" line-rate="1" branch-rate="1" complexity="1">
              <lines>
                <line number="94" hits="4" branch="False" />
              </lines>
            </method>
            <method name="get_Summary" signature="()" line-rate="1" branch-rate="1" complexity="1">
              <lines>
                <line number="95" hits="3" branch="False" />
              </lines>
            </method>
          </methods>
          <lines>
            <line number="89" hits="3" branch="False" />
            <line number="90" hits="3" branch="False" />
            <line number="91" hits="4" branch="False" />
            <line number="92" hits="4" branch="False" />
            <line number="93" hits="3" branch="False" />
            <line number="94" hits="4" branch="False" />
            <line number="95" hits="3" branch="False" />
          </lines>
        </class>
        <class name="Foodbook.Business.Interfaces.ComparisonItem" filename="Foodbook.Business\Services\Interfaces\INutritionService.cs" line-rate="1" branch-rate="1" complexity="5">
          <methods>
            <method name="get_Nutrient" signature="()" line-rate="1" branch-rate="1" complexity="1">
              <lines>
                <line number="100" hits="12" branch="False" />
              </lines>
            </method>
            <method name="get_Recipe1Value" signature="()" line-rate="1" branch-rate="1" complexity="1">
              <lines>
                <line number="101" hits="18" branch="False" />
              </lines>
            </method>
            <method name="get_Recipe2Value" signature="()" line-rate="1" branch-rate="1" complexity="1">
              <lines>
                <line number="102" hits="18" branch="False" />
              </lines>
            </method>
            <method name="get_BetterRecipe" signature="()" line-rate="1" branch-rate="1" complexity="1">
              <lines>
                <line number="103" hits="12" branch="False" />
              </lines>
            </method>
            <method name="get_Difference" signature="()" line-rate="1" branch-rate="1" complexity="1">
              <lines>
                <line number="104" hits="6" branch="False" />
              </lines>
            </method>
          </methods>
          <lines>
            <line number="100" hits="12" branch="False" />
            <line number="101" hits="18" branch="False" />
            <line number="102" hits="18" branch="False" />
            <line number="103" hits="12" branch="False" />
            <line number="104" hits="6" branch="False" />
          </lines>
        </class>
        <class name="Foodbook.Business.Interfaces.AppSettings" filename="Foodbook.Business\Services\Interfaces\ISettingsService.cs" line-rate="0" branch-rate="1" complexity="9">
          <methods>
            <method name="get_Theme" signature="()" line-rate="0" branch-rate="1" complexity="1">
              <lines>
                <line number="22" hits="0" branch="False" />
              </lines>
            </method>
            <method name="get_Language" signature="()" line-rate="0" branch-rate="1" complexity="1">
              <lines>
                <line number="23" hits="0" branch="False" />
              </lines>
            </method>
            <method name="get_NotificationsEnabled" signature="()" line-rate="0" branch-rate="1" complexity="1">
              <lines>
                <line number="24" hits="0" branch="False" />
              </lines>
            </method>
            <method name="get_DefaultServings" signature="()" line-rate="0" branch-rate="1" complexity="1">
              <lines>
                <line number="25" hits="0" branch="False" />
              </lines>
            </method>
            <method name="get_AutoSave" signature="()" line-rate="0" branch-rate="1" complexity="1">
              <lines>
                <line number="26" hits="0" branch="False" />
              </lines>
            </method>
            <method name="get_DefaultDifficulty" signature="()" line-rate="0" branch-rate="1" complexity="1">
              <lines>
                <line number="27" hits="0" branch="False" />
              </lines>
            </method>
            <method name="get_ShowNutritionInfo" signature="()" line-rate="0" branch-rate="1" complexity="1">
              <lines>
                <line number="28" hits="0" branch="False" />
              </lines>
            </method>
            <method name="get_EnableAIFeatures" signature="()" line-rate="0" branch-rate="1" complexity="1">
              <lines>
                <line number="29" hits="0" branch="False" />
              </lines>
            </method>
            <method name="get_LastUpdated" signature="()" line-rate="0" branch-rate="1" complexity="1">
              <lines>
                <line number="30" hits="0" branch="False" />
              </lines>
            </method>
          </methods>
          <lines>
            <line number="22" hits="0" branch="False" />
            <line number="23" hits="0" branch="False" />
            <line number="24" hits="0" branch="False" />
            <line number="25" hits="0" branch="False" />
            <line number="26" hits="0" branch="False" />
            <line number="27" hits="0" branch="False" />
            <line number="28" hits="0" branch="False" />
            <line number="29" hits="0" branch="False" />
            <line number="30" hits="0" branch="False" />
          </lines>
        </class>
        <class name="Foodbook.Business.Interfaces.ShoppingListResult" filename="Foodbook.Business\Services\Interfaces\IShoppingListService.cs" line-rate="1" branch-rate="1" complexity="12">
          <methods>
            <method name="get_Items" signature="()" line-rate="1" branch-rate="1" complexity="1">
              <lines>
                <line number="18" hits="80" branch="False" />
              </lines>
            </method>
            <method name="get_Categories" signature="()" line-rate="1" branch-rate="1" complexity="1">
              <lines>
                <line number="19" hits="37" branch="False" />
              </lines>
            </method>
            <method name="get_EstimatedCost" signature="()" line-rate="1" branch-rate="1" complexity="1">
              <lines>
                <line number="20" hits="45" branch="False" />
              </lines>
            </method>
            <method name="get_TotalItems" signature="()" line-rate="1" branch-rate="1" complexity="1">
              <lines>
                <line number="21" hits="21" branch="False" />
              </lines>
            </method>
            <method name="get_EstimatedShoppingTime" signature="()" line-rate="1" branch-rate="1" complexity="1">
              <lines>
                <line number="22" hits="16" branch="False" />
              </lines>
            </method>
            <method name="get_StoreSuggestions" signature="()" line-rate="1" branch-rate="1" complexity="1">
              <lines>
                <line number="23" hits="37" branch="False" />
              </lines>
            </method>
            <method name="get_Tips" signature="()" line-rate="1" branch-rate="1" complexity="1">
              <lines>
                <line number="24" hits="51" branch="False" />
              </lines>
            </method>
            <method name="get_RecipeNames" signature="()" line-rate="1" branch-rate="1" complexity="1">
              <lines>
                <line number="25" hits="31" branch="False" />
              </lines>
            </method>
            <method name="get_GeneratedAt" signature="()" line-rate="1" branch-rate="1" complexity="1">
              <lines>
                <line number="26" hits="12" branch="False" />
              </lines>
            </method>
            <method name="get_ListName" signature="()" line-rate="1" branch-rate="1" complexity="1">
              <lines>
                <line number="27" hits="21" branch="False" />
              </lines>
            </method>
            <method name="get_IsOptimized" signature="()" line-rate="1" branch-rate="1" complexity="1">
              <lines>
                <line number="28" hits="13" branch="False" />
              </lines>
            </method>
            <method name="get_PotentialSavings" signature="()" line-rate="1" branch-rate="1" complexity="1">
              <lines>
                <line number="29" hits="15" branch="False" />
              </lines>
            </method>
          </methods>
          <lines>
            <line number="18" hits="80" branch="False" />
            <line number="19" hits="37" branch="False" />
            <line number="20" hits="45" branch="False" />
            <line number="21" hits="21" branch="False" />
            <line number="22" hits="16" branch="False" />
            <line number="23" hits="37" branch="False" />
            <line number="24" hits="51" branch="False" />
            <line number="25" hits="31" branch="False" />
            <line number="26" hits="12" branch="False" />
            <line number="27" hits="21" branch="False" />
            <line number="28" hits="13" branch="False" />
            <line number="29" hits="15" branch="False" />
          </lines>
        </class>
        <class name="Foodbook.Business.Interfaces.ShoppingItem" filename="Foodbook.Business\Services\Interfaces\IShoppingListService.cs" line-rate="0.9375" branch-rate="1" complexity="16">
          <methods>
            <method name="get_Name" signature="()" line-rate="1" branch-rate="1" complexity="1">
              <lines>
                <line number="34" hits="113" branch="False" />
              </lines>
            </method>
            <method name="get_Quantity" signature="()" line-rate="1" branch-rate="1" complexity="1">
              <lines>
                <line number="35" hits="39" branch="False" />
              </lines>
            </method>
            <method name="get_Unit" signature="()" line-rate="1" branch-rate="1" complexity="1">
              <lines>
                <line number="36" hits="59" branch="False" />
              </lines>
            </method>
            <method name="get_Category" signature="()" line-rate="1" branch-rate="1" complexity="1">
              <lines>
                <line number="37" hits="329" branch="False" />
              </lines>
            </method>
            <method name="get_IsEssential" signature="()" line-rate="1" branch-rate="1" complexity="1">
              <lines>
                <line number="38" hits="40" branch="False" />
              </lines>
            </method>
            <method name="get_IsOptional" signature="()" line-rate="1" branch-rate="1" complexity="1">
              <lines>
                <line number="39" hits="25" branch="False" />
              </lines>
            </method>
            <method name="get_EstimatedPrice" signature="()" line-rate="1" branch-rate="1" complexity="1">
              <lines>
                <line number="40" hits="108" branch="False" />
              </lines>
            </method>
            <method name="get_Notes" signature="()" line-rate="1" branch-rate="1" complexity="1">
              <lines>
                <line number="41" hits="86" branch="False" />
              </lines>
            </method>
            <method name="get_Substitutions" signature="()" line-rate="1" branch-rate="1" complexity="1">
              <lines>
                <line number="42" hits="77" branch="False" />
              </lines>
            </method>
            <method name="get_RecipeCount" signature="()" line-rate="1" branch-rate="1" complexity="1">
              <lines>
                <line number="43" hits="13" branch="False" />
              </lines>
            </method>
            <method name="get_StoreSection" signature="()" line-rate="1" branch-rate="1" complexity="1">
              <lines>
                <line number="44" hits="40" branch="False" />
              </lines>
            </method>
            <method name="get_Priority" signature="()" line-rate="1" branch-rate="1" complexity="1">
              <lines>
                <line number="45" hits="16" branch="False" />
              </lines>
            </method>
            <method name="get_IsChecked" signature="()" line-rate="0" branch-rate="1" complexity="1">
              <lines>
                <line number="46" hits="0" branch="False" />
              </lines>
            </method>
            <method name="get_NutritionalInfo" signature="()" line-rate="1" branch-rate="1" complexity="1">
              <lines>
                <line number="47" hits="43" branch="False" />
              </lines>
            </method>
            <method name="get_IsBulkPurchase" signature="()" line-rate="1" branch-rate="1" complexity="1">
              <lines>
                <line number="48" hits="4" branch="False" />
              </lines>
            </method>
            <method name="get_BulkSavings" signature="()" line-rate="1" branch-rate="1" complexity="1">
              <lines>
                <line number="49" hits="8" branch="False" />
              </lines>
            </method>
          </methods>
          <lines>
            <line number="34" hits="113" branch="False" />
            <line number="35" hits="39" branch="False" />
            <line number="36" hits="59" branch="False" />
            <line number="37" hits="329" branch="False" />
            <line number="38" hits="40" branch="False" />
            <line number="39" hits="25" branch="False" />
            <line number="40" hits="108" branch="False" />
            <line number="41" hits="86" branch="False" />
            <line number="42" hits="77" branch="False" />
            <line number="43" hits="13" branch="False" />
            <line number="44" hits="40" branch="False" />
            <line number="45" hits="16" branch="False" />
            <line number="46" hits="0" branch="False" />
            <line number="47" hits="43" branch="False" />
            <line number="48" hits="4" branch="False" />
            <line number="49" hits="8" branch="False" />
          </lines>
        </class>
        <class name="Foodbook.Business.Interfaces.ShoppingCategory" filename="Foodbook.Business\Services\Interfaces\IShoppingListService.cs" line-rate="1" branch-rate="1" complexity="9">
          <methods>
            <method name="get_Name" signature="()" line-rate="1" branch-rate="1" complexity="1">
              <lines>
                <line number="54" hits="174" branch="False" />
              </lines>
            </method>
            <method name="get_Icon" signature="()" line-rate="1" branch-rate="1" complexity="1">
              <lines>
                <line number="55" hits="62" branch="False" />
              </lines>
            </method>
            <method name="get_Color" signature="()" line-rate="1" branch-rate="1" complexity="1">
              <lines>
                <line number="56" hits="61" branch="False" />
              </lines>
            </method>
            <method name="get_Items" signature="()" line-rate="1" branch-rate="1" complexity="1">
              <lines>
                <line number="57" hits="138" branch="False" />
              </lines>
            </method>
            <method name="get_Priority" signature="()" line-rate="1" branch-rate="1" complexity="1">
              <lines>
                <line number="58" hits="57" branch="False" />
              </lines>
            </method>
            <method name="get_StoreSection" signature="()" line-rate="1" branch-rate="1" complexity="1">
              <lines>
                <line number="59" hits="55" branch="False" />
              </lines>
            </method>
            <method name="get_ShoppingOrder" signature="()" line-rate="1" branch-rate="1" complexity="1">
              <lines>
                <line number="60" hits="54" branch="False" />
              </lines>
            </method>
            <method name="get_CategoryTotal" signature="()" line-rate="1" branch-rate="1" complexity="1">
              <lines>
                <line number="61" hits="24" branch="False" />
              </lines>
            </method>
            <method name="get_ItemCount" signature="()" line-rate="1" branch-rate="1" complexity="1">
              <lines>
                <line number="62" hits="1" branch="False" />
              </lines>
            </method>
          </methods>
          <lines>
            <line number="54" hits="174" branch="False" />
            <line number="55" hits="62" branch="False" />
            <line number="56" hits="61" branch="False" />
            <line number="57" hits="138" branch="False" />
            <line number="58" hits="57" branch="False" />
            <line number="59" hits="55" branch="False" />
            <line number="60" hits="54" branch="False" />
            <line number="61" hits="24" branch="False" />
            <line number="62" hits="1" branch="False" />
          </lines>
        </class>
        <class name="Foodbook.Business.Interfaces.MealPlanItem" filename="Foodbook.Business\Services\Interfaces\IShoppingListService.cs" line-rate="0.75" branch-rate="1" complexity="4">
          <methods>
            <method name="get_Recipe" signature="()" line-rate="1" branch-rate="1" complexity="1">
              <lines>
                <line number="68" hits="3" branch="False" />
              </lines>
            </method>
            <method name="get_PlannedDate" signature="()" line-rate="1" branch-rate="1" complexity="1">
              <lines>
                <line number="69" hits="1" branch="False" />
              </lines>
            </method>
            <method name="get_Servings" signature="()" line-rate="0" branch-rate="1" complexity="1">
              <lines>
                <line number="70" hits="0" branch="False" />
              </lines>
            </method>
            <method name="get_MealType" signature="()" line-rate="1" branch-rate="1" complexity="1">
              <lines>
                <line number="71" hits="4" branch="False" />
              </lines>
            </method>
          </methods>
          <lines>
            <line number="68" hits="3" branch="False" />
            <line number="69" hits="1" branch="False" />
            <line number="70" hits="0" branch="False" />
            <line number="71" hits="4" branch="False" />
          </lines>
        </class>
        <class name="Foodbook.Business.Services.AIService" filename="Foodbook.Business\Services\AIService.cs" line-rate="0" branch-rate="0" complexity="249">
          <methods>
            <method name="AnalyzeCookingStyle" signature="(System.Collections.Generic.List`1&lt;System.String&gt;)" line-rate="0" branch-rate="0" complexity="8">
              <lines>
                <line number="233" hits="0" branch="False" />
                <line number="234" hits="0" branch="False" />
                <line number="235" hits="0" branch="False" />
                <line number="237" hits="0" branch="False" />
                <line number="238" hits="0" branch="False" />
                <line number="239" hits="0" branch="False" />
                <line number="241" hits="0" branch="True" condition-coverage="0% (0/2)">
                  <conditions>
                    <condition number="264" type="jump" coverage="0%" />
                  </conditions>
                </line>
                <line number="242" hits="0" branch="True" condition-coverage="0% (0/2)">
                  <conditions>
                    <condition number="275" type="jump" coverage="0%" />
                  </conditions>
                </line>
                <line number="243" hits="0" branch="True" condition-coverage="0% (0/2)">
                  <conditions>
                    <condition number="286" type="jump" coverage="0%" />
                  </conditions>
                </line>
                <line number="244" hits="0" branch="True" condition-coverage="0% (0/2)">
                  <conditions>
                    <condition number="295" type="jump" coverage="0%" />
                  </conditions>
                </line>
                <line number="245" hits="0" branch="False" />
              </lines>
            </method>
            <method name="DetermineCuisineType" signature="(System.Collections.Generic.List`1&lt;System.String&gt;)" line-rate="0" branch-rate="0" complexity="8">
              <lines>
                <line number="250" hits="0" branch="False" />
                <line number="251" hits="0" branch="False" />
                <line number="252" hits="0" branch="False" />
                <line number="253" hits="0" branch="False" />
                <line number="255" hits="0" branch="True" condition-coverage="0% (0/2)">
                  <conditions>
                    <condition number="256" type="jump" coverage="0%" />
                  </conditions>
                </line>
                <line number="256" hits="0" branch="True" condition-coverage="0% (0/2)">
                  <conditions>
                    <condition number="282" type="jump" coverage="0%" />
                  </conditions>
                </line>
                <line number="257" hits="0" branch="True" condition-coverage="0% (0/2)">
                  <conditions>
                    <condition number="308" type="jump" coverage="0%" />
                  </conditions>
                </line>
                <line number="258" hits="0" branch="True" condition-coverage="0% (0/2)">
                  <conditions>
                    <condition number="334" type="jump" coverage="0%" />
                  </conditions>
                </line>
                <line number="259" hits="0" branch="False" />
              </lines>
            </method>
            <method name="CalculateCookingTime" signature="(System.Collections.Generic.List`1&lt;System.String&gt;,System.String)" line-rate="0" branch-rate="0" complexity="10">
              <lines>
                <line number="264" hits="0" branch="True" condition-coverage="0% (0/10)">
                  <conditions>
                    <condition number="11" type="jump" coverage="0%" />
                    <condition number="24" type="jump" coverage="0%" />
                    <condition number="37" type="jump" coverage="0%" />
                    <condition number="50" type="jump" coverage="0%" />
                    <condition number="63" type="jump" coverage="0%" />
                  </conditions>
                </line>
                <line number="265" hits="0" branch="False" />
                <line number="266" hits="0" branch="False" />
                <line number="267" hits="0" branch="False" />
                <line number="268" hits="0" branch="False" />
                <line number="269" hits="0" branch="False" />
                <line number="270" hits="0" branch="False" />
                <line number="271" hits="0" branch="False" />
                <line number="272" hits="0" branch="False" />
                <line number="275" hits="0" branch="False" />
                <line number="276" hits="0" branch="False" />
                <line number="278" hits="0" branch="False" />
              </lines>
            </method>
            <method name="GetPersonaBasedFeedback" signature="(System.String,System.Int32)" line-rate="0" branch-rate="0" complexity="4">
              <lines>
                <line number="283" hits="0" branch="True" condition-coverage="0% (0/4)">
                  <conditions>
                    <condition number="18" type="jump" coverage="0%" />
                    <condition number="31" type="jump" coverage="0%" />
                  </conditions>
                </line>
                <line number="284" hits="0" branch="False" />
                <line number="285" hits="0" branch="False" />
                <line number="286" hits="0" branch="False" />
                <line number="287" hits="0" branch="False" />
                <line number="288" hits="0" branch="False" />
              </lines>
            </method>
            <method name="GetStrictCriticFeedback" signature="(System.Int32)" line-rate="0" branch-rate="1" complexity="1">
              <lines>
                <line number="293" hits="0" branch="False" />
                <line number="294" hits="0" branch="False" />
                <line number="295" hits="0" branch="False" />
                <line number="296" hits="0" branch="False" />
                <line number="297" hits="0" branch="False" />
                <line number="298" hits="0" branch="False" />
                <line number="299" hits="0" branch="False" />
                <line number="300" hits="0" branch="False" />
                <line number="302" hits="0" branch="False" />
                <line number="303" hits="0" branch="False" />
                <line number="304" hits="0" branch="False" />
                <line number="305" hits="0" branch="False" />
                <line number="306" hits="0" branch="False" />
                <line number="307" hits="0" branch="False" />
                <line number="308" hits="0" branch="False" />
                <line number="309" hits="0" branch="False" />
                <line number="311" hits="0" branch="False" />
                <line number="312" hits="0" branch="False" />
                <line number="313" hits="0" branch="False" />
                <line number="314" hits="0" branch="False" />
                <line number="315" hits="0" branch="False" />
                <line number="316" hits="0" branch="False" />
                <line number="317" hits="0" branch="False" />
                <line number="319" hits="0" branch="False" />
              </lines>
            </method>
            <method name="GetEncouragingHomeCookFeedback" signature="(System.Int32)" line-rate="0" branch-rate="1" complexity="1">
              <lines>
                <line number="324" hits="0" branch="False" />
                <line number="325" hits="0" branch="False" />
                <line number="326" hits="0" branch="False" />
                <line number="327" hits="0" branch="False" />
                <line number="328" hits="0" branch="False" />
                <line number="329" hits="0" branch="False" />
                <line number="330" hits="0" branch="False" />
                <line number="331" hits="0" branch="False" />
                <line number="333" hits="0" branch="False" />
                <line number="334" hits="0" branch="False" />
                <line number="335" hits="0" branch="False" />
                <line number="336" hits="0" branch="False" />
                <line number="337" hits="0" branch="False" />
                <line number="338" hits="0" branch="False" />
                <line number="339" hits="0" branch="False" />
                <line number="340" hits="0" branch="False" />
                <line number="342" hits="0" branch="False" />
                <line number="343" hits="0" branch="False" />
                <line number="344" hits="0" branch="False" />
                <line number="345" hits="0" branch="False" />
                <line number="346" hits="0" branch="False" />
                <line number="347" hits="0" branch="False" />
                <line number="348" hits="0" branch="False" />
                <line number="350" hits="0" branch="False" />
              </lines>
            </method>
            <method name="GetHealthNotes" signature="(System.Int32)" line-rate="0" branch-rate="1" complexity="1">
              <lines>
                <line number="355" hits="0" branch="False" />
                <line number="356" hits="0" branch="False" />
                <line number="357" hits="0" branch="False" />
                <line number="358" hits="0" branch="False" />
                <line number="359" hits="0" branch="False" />
                <line number="360" hits="0" branch="False" />
                <line number="361" hits="0" branch="False" />
                <line number="362" hits="0" branch="False" />
                <line number="364" hits="0" branch="False" />
                <line number="365" hits="0" branch="False" />
              </lines>
            </method>
            <method name="CreateSystemPrompt" signature="(System.String)" line-rate="0" branch-rate="0" complexity="2">
              <lines>
                <line number="370" hits="0" branch="False" />
                <line number="371" hits="0" branch="False" />
                <line number="372" hits="0" branch="False" />
                <line number="373" hits="0" branch="False" />
                <line number="374" hits="0" branch="False" />
                <line number="375" hits="0" branch="False" />
                <line number="376" hits="0" branch="False" />
                <line number="377" hits="0" branch="False" />
                <line number="378" hits="0" branch="False" />
                <line number="379" hits="0" branch="False" />
                <line number="380" hits="0" branch="False" />
                <line number="381" hits="0" branch="False" />
                <line number="382" hits="0" branch="False" />
                <line number="383" hits="0" branch="False" />
                <line number="384" hits="0" branch="False" />
                <line number="385" hits="0" branch="False" />
                <line number="386" hits="0" branch="False" />
                <line number="387" hits="0" branch="False" />
                <line number="388" hits="0" branch="False" />
                <line number="389" hits="0" branch="False" />
                <line number="390" hits="0" branch="False" />
                <line number="391" hits="0" branch="False" />
                <line number="392" hits="0" branch="False" />
                <line number="393" hits="0" branch="False" />
                <line number="394" hits="0" branch="False" />
                <line number="395" hits="0" branch="False" />
                <line number="396" hits="0" branch="False" />
                <line number="397" hits="0" branch="False" />
                <line number="398" hits="0" branch="False" />
                <line number="399" hits="0" branch="False" />
                <line number="400" hits="0" branch="False" />
                <line number="402" hits="0" branch="True" condition-coverage="0% (0/2)">
                  <conditions>
                    <condition number="22" type="jump" coverage="0%" />
                  </conditions>
                </line>
                <line number="404" hits="0" branch="False" />
                <line number="405" hits="0" branch="False" />
                <line number="406" hits="0" branch="False" />
                <line number="410" hits="0" branch="False" />
                <line number="411" hits="0" branch="False" />
                <line number="412" hits="0" branch="False" />
              </lines>
            </method>
            <method name="CreateRecipeGenerationPrompt" signature="(System.Collections.Generic.IEnumerable`1&lt;System.String&gt;,System.String,System.Int32)" line-rate="0" branch-rate="1" complexity="1">
              <lines>
                <line number="418" hits="0" branch="False" />
                <line number="419" hits="0" branch="False" />
                <line number="420" hits="0" branch="False" />
                <line number="421" hits="0" branch="False" />
                <line number="422" hits="0" branch="False" />
                <line number="423" hits="0" branch="False" />
                <line number="424" hits="0" branch="False" />
                <line number="425" hits="0" branch="False" />
                <line number="426" hits="0" branch="False" />
                <line number="427" hits="0" branch="False" />
                <line number="428" hits="0" branch="False" />
                <line number="429" hits="0" branch="False" />
                <line number="430" hits="0" branch="False" />
                <line number="431" hits="0" branch="False" />
                <line number="432" hits="0" branch="False" />
                <line number="433" hits="0" branch="False" />
                <line number="434" hits="0" branch="False" />
                <line number="435" hits="0" branch="False" />
                <line number="436" hits="0" branch="False" />
                <line number="437" hits="0" branch="False" />
                <line number="438" hits="0" branch="False" />
                <line number="439" hits="0" branch="False" />
                <line number="440" hits="0" branch="False" />
                <line number="441" hits="0" branch="False" />
                <line number="442" hits="0" branch="False" />
                <line number="443" hits="0" branch="False" />
                <line number="444" hits="0" branch="False" />
                <line number="445" hits="0" branch="False" />
                <line number="446" hits="0" branch="False" />
                <line number="447" hits="0" branch="False" />
                <line number="448" hits="0" branch="False" />
                <line number="449" hits="0" branch="False" />
                <line number="451" hits="0" branch="False" />
              </lines>
            </method>
            <method name="ParseAnalysisResult" signature="(System.String,System.String)" line-rate="0" branch-rate="0" complexity="6">
              <lines>
                <line number="677" hits="0" branch="False" />
                <line number="678" hits="0" branch="False" />
                <line number="680" hits="0" branch="True" condition-coverage="0% (0/4)">
                  <conditions>
                    <condition number="20" type="jump" coverage="0%" />
                    <condition number="24" type="jump" coverage="0%" />
                  </conditions>
                </line>
                <line number="682" hits="0" branch="False" />
                <line number="683" hits="0" branch="False" />
                <line number="685" hits="0" branch="True" condition-coverage="0% (0/2)">
                  <conditions>
                    <condition number="46" type="jump" coverage="0%" />
                  </conditions>
                </line>
                <line number="687" hits="0" branch="False" />
                <line number="692" hits="0" branch="False" />
                <line number="694" hits="0" branch="False" />
                <line number="696" hits="0" branch="False" />
                <line number="697" hits="0" branch="False" />
                <line number="699" hits="0" branch="False" />
              </lines>
            </method>
            <method name="AnalyzeImageProperties" signature="(System.Byte[])" line-rate="0" branch-rate="0" complexity="8">
              <lines>
                <line number="757" hits="0" branch="False" />
                <line number="758" hits="0" branch="False" />
                <line number="759" hits="0" branch="False" />
                <line number="762" hits="0" branch="False" />
                <line number="765" hits="0" branch="True" condition-coverage="0% (0/4)">
                  <conditions>
                    <condition number="28" type="jump" coverage="0%" />
                    <condition number="31" type="jump" coverage="0%" />
                  </conditions>
                </line>
                <line number="768" hits="0" branch="False" />
                <line number="769" hits="0" branch="False" />
                <line number="770" hits="0" branch="False" />
                <line number="773" hits="0" branch="False" />
                <line number="774" hits="0" branch="False" />
                <line number="775" hits="0" branch="False" />
                <line number="776" hits="0" branch="False" />
                <line number="778" hits="0" branch="True" condition-coverage="0% (0/4)">
                  <conditions>
                    <condition number="264" type="jump" coverage="0%" />
                    <condition number="267" type="jump" coverage="0%" />
                  </conditions>
                </line>
                <line number="779" hits="0" branch="False" />
                <line number="780" hits="0" branch="False" />
                <line number="781" hits="0" branch="False" />
                <line number="782" hits="0" branch="False" />
                <line number="783" hits="0" branch="False" />
                <line number="784" hits="0" branch="False" />
                <line number="785" hits="0" branch="False" />
                <line number="786" hits="0" branch="False" />
                <line number="787" hits="0" branch="False" />
                <line number="788" hits="0" branch="False" />
                <line number="789" hits="0" branch="False" />
                <line number="790" hits="0" branch="False" />
                <line number="791" hits="0" branch="False" />
                <line number="792" hits="0" branch="False" />
              </lines>
            </method>
            <method name="CalculateRealisticScore" signature="(Foodbook.Business.Services.AIService/ImageAnalysisResult,System.String)" line-rate="0" branch-rate="0" complexity="22">
              <lines>
                <line number="797" hits="0" branch="False" />
                <line number="800" hits="0" branch="True" condition-coverage="0% (0/2)">
                  <conditions>
                    <condition number="8" type="jump" coverage="0%" />
                  </conditions>
                </line>
                <line number="801" hits="0" branch="True" condition-coverage="0% (0/2)">
                  <conditions>
                    <condition number="20" type="jump" coverage="0%" />
                  </conditions>
                </line>
                <line number="802" hits="0" branch="True" condition-coverage="0% (0/2)">
                  <conditions>
                    <condition number="32" type="jump" coverage="0%" />
                  </conditions>
                </line>
                <line number="803" hits="0" branch="True" condition-coverage="0% (0/2)">
                  <conditions>
                    <condition number="44" type="jump" coverage="0%" />
                  </conditions>
                </line>
                <line number="806" hits="0" branch="True" condition-coverage="0% (0/2)">
                  <conditions>
                    <condition number="56" type="jump" coverage="0%" />
                  </conditions>
                </line>
                <line number="807" hits="0" branch="True" condition-coverage="0% (0/2)">
                  <conditions>
                    <condition number="70" type="jump" coverage="0%" />
                  </conditions>
                </line>
                <line number="810" hits="0" branch="True" condition-coverage="0% (0/2)">
                  <conditions>
                    <condition number="82" type="jump" coverage="0%" />
                  </conditions>
                </line>
                <line number="811" hits="0" branch="True" condition-coverage="0% (0/2)">
                  <conditions>
                    <condition number="94" type="jump" coverage="0%" />
                  </conditions>
                </line>
                <line number="812" hits="0" branch="True" condition-coverage="0% (0/2)">
                  <conditions>
                    <condition number="106" type="jump" coverage="0%" />
                  </conditions>
                </line>
                <line number="815" hits="0" branch="True" condition-coverage="0% (0/2)">
                  <conditions>
                    <condition number="128" type="jump" coverage="0%" />
                  </conditions>
                </line>
                <line number="817" hits="0" branch="False" />
                <line number="819" hits="0" branch="True" condition-coverage="0% (0/2)">
                  <conditions>
                    <condition number="136" type="jump" coverage="0%" />
                  </conditions>
                </line>
                <line number="823" hits="0" branch="False" />
                <line number="824" hits="0" branch="False" />
                <line number="825" hits="0" branch="False" />
                <line number="828" hits="0" branch="False" />
                <line number="829" hits="0" branch="False" />
              </lines>
            </method>
            <method name="CalculatePresentationScore" signature="(Foodbook.Business.Services.AIService/ImageAnalysisResult)" line-rate="0" branch-rate="0" complexity="6">
              <lines>
                <line number="834" hits="0" branch="False" />
                <line number="835" hits="0" branch="True" condition-coverage="0% (0/2)">
                  <conditions>
                    <condition number="8" type="jump" coverage="0%" />
                  </conditions>
                </line>
                <line number="836" hits="0" branch="True" condition-coverage="0% (0/2)">
                  <conditions>
                    <condition number="20" type="jump" coverage="0%" />
                  </conditions>
                </line>
                <line number="837" hits="0" branch="True" condition-coverage="0% (0/2)">
                  <conditions>
                    <condition number="32" type="jump" coverage="0%" />
                  </conditions>
                </line>
                <line number="838" hits="0" branch="False" />
              </lines>
            </method>
            <method name="CalculateColorScore" signature="(Foodbook.Business.Services.AIService/ImageAnalysisResult)" line-rate="0" branch-rate="0" complexity="4">
              <lines>
                <line number="843" hits="0" branch="False" />
                <line number="844" hits="0" branch="True" condition-coverage="0% (0/2)">
                  <conditions>
                    <condition number="8" type="jump" coverage="0%" />
                  </conditions>
                </line>
                <line number="845" hits="0" branch="True" condition-coverage="0% (0/2)">
                  <conditions>
                    <condition number="20" type="jump" coverage="0%" />
                  </conditions>
                </line>
                <line number="846" hits="0" branch="False" />
              </lines>
            </method>
            <method name="CalculateTextureScore" signature="(Foodbook.Business.Services.AIService/ImageAnalysisResult)" line-rate="0" branch-rate="0" complexity="6">
              <lines>
                <line number="851" hits="0" branch="False" />
                <line number="852" hits="0" branch="True" condition-coverage="0% (0/2)">
                  <conditions>
                    <condition number="8" type="jump" coverage="0%" />
                  </conditions>
                </line>
                <line number="853" hits="0" branch="True" condition-coverage="0% (0/2)">
                  <conditions>
                    <condition number="20" type="jump" coverage="0%" />
                  </conditions>
                </line>
                <line number="854" hits="0" branch="True" condition-coverage="0% (0/2)">
                  <conditions>
                    <condition number="32" type="jump" coverage="0%" />
                  </conditions>
                </line>
                <line number="855" hits="0" branch="False" />
              </lines>
            </method>
            <method name="CalculatePlatingScore" signature="(Foodbook.Business.Services.AIService/ImageAnalysisResult)" line-rate="0" branch-rate="0" complexity="4">
              <lines>
                <line number="860" hits="0" branch="False" />
                <line number="861" hits="0" branch="True" condition-coverage="0% (0/2)">
                  <conditions>
                    <condition number="8" type="jump" coverage="0%" />
                  </conditions>
                </line>
                <line number="862" hits="0" branch="True" condition-coverage="0% (0/2)">
                  <conditions>
                    <condition number="20" type="jump" coverage="0%" />
                  </conditions>
                </line>
                <line number="863" hits="0" branch="False" />
              </lines>
            </method>
            <method name="GetContextualComment" signature="(Foodbook.Business.Services.AIService/ImageAnalysisResult,System.Int32,System.String)" line-rate="0" branch-rate="0" complexity="12">
              <lines>
                <line number="870" hits="0" branch="False" />
                <line number="873" hits="0" branch="False" />
                <line number="874" hits="0" branch="False" />
                <line number="877" hits="0" branch="True" condition-coverage="0% (0/2)">
                  <conditions>
                    <condition number="24" type="jump" coverage="0%" />
                  </conditions>
                </line>
                <line number="879" hits="0" branch="False" />
                <line number="880" hits="0" branch="False" />
                <line number="881" hits="0" branch="False" />
                <line number="882" hits="0" branch="False" />
                <line number="883" hits="0" branch="False" />
                <line number="884" hits="0" branch="False" />
                <line number="885" hits="0" branch="False" />
                <line number="886" hits="0" branch="False" />
                <line number="889" hits="0" branch="True" condition-coverage="0% (0/2)">
                  <conditions>
                    <condition number="88" type="jump" coverage="0%" />
                  </conditions>
                </line>
                <line number="891" hits="0" branch="False" />
                <line number="892" hits="0" branch="False" />
                <line number="893" hits="0" branch="False" />
                <line number="894" hits="0" branch="False" />
                <line number="895" hits="0" branch="False" />
                <line number="896" hits="0" branch="False" />
                <line number="897" hits="0" branch="False" />
                <line number="898" hits="0" branch="False" />
                <line number="901" hits="0" branch="True" condition-coverage="0% (0/2)">
                  <conditions>
                    <condition number="152" type="jump" coverage="0%" />
                  </conditions>
                </line>
                <line number="903" hits="0" branch="False" />
                <line number="904" hits="0" branch="False" />
                <line number="905" hits="0" branch="False" />
                <line number="906" hits="0" branch="False" />
                <line number="907" hits="0" branch="False" />
                <line number="908" hits="0" branch="False" />
                <line number="909" hits="0" branch="False" />
                <line number="910" hits="0" branch="False" />
                <line number="913" hits="0" branch="True" condition-coverage="0% (0/2)">
                  <conditions>
                    <condition number="219" type="jump" coverage="0%" />
                  </conditions>
                </line>
                <line number="915" hits="0" branch="False" />
                <line number="916" hits="0" branch="False" />
                <line number="917" hits="0" branch="False" />
                <line number="918" hits="0" branch="False" />
                <line number="919" hits="0" branch="False" />
                <line number="920" hits="0" branch="False" />
                <line number="921" hits="0" branch="False" />
                <line number="922" hits="0" branch="False" />
                <line number="926" hits="0" branch="True" condition-coverage="0% (0/2)">
                  <conditions>
                    <condition number="282" type="jump" coverage="0%" />
                  </conditions>
                </line>
                <line number="928" hits="0" branch="False" />
                <line number="929" hits="0" branch="False" />
                <line number="930" hits="0" branch="False" />
                <line number="931" hits="0" branch="False" />
                <line number="932" hits="0" branch="False" />
                <line number="933" hits="0" branch="False" />
                <line number="934" hits="0" branch="False" />
                <line number="935" hits="0" branch="False" />
                <line number="937" hits="0" branch="True" condition-coverage="0% (0/2)">
                  <conditions>
                    <condition number="347" type="jump" coverage="0%" />
                  </conditions>
                </line>
                <line number="939" hits="0" branch="False" />
                <line number="940" hits="0" branch="False" />
                <line number="941" hits="0" branch="False" />
                <line number="942" hits="0" branch="False" />
                <line number="943" hits="0" branch="False" />
                <line number="944" hits="0" branch="False" />
                <line number="945" hits="0" branch="False" />
                <line number="946" hits="0" branch="False" />
                <line number="950" hits="0" branch="False" />
                <line number="951" hits="0" branch="False" />
                <line number="952" hits="0" branch="False" />
                <line number="953" hits="0" branch="False" />
                <line number="954" hits="0" branch="False" />
                <line number="955" hits="0" branch="False" />
                <line number="956" hits="0" branch="False" />
                <line number="957" hits="0" branch="False" />
                <line number="960" hits="0" branch="False" />
              </lines>
            </method>
            <method name="GetContextualSuggestions" signature="(Foodbook.Business.Services.AIService/ImageAnalysisResult,System.Int32,System.String)" line-rate="0" branch-rate="0" complexity="14">
              <lines>
                <line number="965" hits="0" branch="False" />
                <line number="966" hits="0" branch="False" />
                <line number="969" hits="0" branch="True" condition-coverage="0% (0/2)">
                  <conditions>
                    <condition number="18" type="jump" coverage="0%" />
                  </conditions>
                </line>
                <line number="971" hits="0" branch="False" />
                <line number="972" hits="0" branch="False" />
                <line number="973" hits="0" branch="False" />
                <line number="974" hits="0" branch="False" />
                <line number="975" hits="0" branch="False" />
                <line number="976" hits="0" branch="False" />
                <line number="977" hits="0" branch="False" />
                <line number="978" hits="0" branch="False" />
                <line number="981" hits="0" branch="True" condition-coverage="0% (0/2)">
                  <conditions>
                    <condition number="82" type="jump" coverage="0%" />
                  </conditions>
                </line>
                <line number="983" hits="0" branch="False" />
                <line number="984" hits="0" branch="False" />
                <line number="985" hits="0" branch="False" />
                <line number="986" hits="0" branch="False" />
                <line number="987" hits="0" branch="False" />
                <line number="988" hits="0" branch="False" />
                <line number="989" hits="0" branch="False" />
                <line number="990" hits="0" branch="False" />
                <line number="993" hits="0" branch="True" condition-coverage="0% (0/2)">
                  <conditions>
                    <condition number="146" type="jump" coverage="0%" />
                  </conditions>
                </line>
                <line number="995" hits="0" branch="False" />
                <line number="996" hits="0" branch="False" />
                <line number="997" hits="0" branch="False" />
                <line number="998" hits="0" branch="False" />
                <line number="999" hits="0" branch="False" />
                <line number="1000" hits="0" branch="False" />
                <line number="1001" hits="0" branch="False" />
                <line number="1002" hits="0" branch="False" />
                <line number="1005" hits="0" branch="True" condition-coverage="0% (0/2)">
                  <conditions>
                    <condition number="213" type="jump" coverage="0%" />
                  </conditions>
                </line>
                <line number="1007" hits="0" branch="False" />
                <line number="1008" hits="0" branch="False" />
                <line number="1009" hits="0" branch="False" />
                <line number="1010" hits="0" branch="False" />
                <line number="1011" hits="0" branch="False" />
                <line number="1012" hits="0" branch="False" />
                <line number="1013" hits="0" branch="False" />
                <line number="1014" hits="0" branch="False" />
                <line number="1018" hits="0" branch="True" condition-coverage="0% (0/2)">
                  <conditions>
                    <condition number="276" type="jump" coverage="0%" />
                  </conditions>
                </line>
                <line number="1020" hits="0" branch="False" />
                <line number="1021" hits="0" branch="False" />
                <line number="1022" hits="0" branch="False" />
                <line number="1023" hits="0" branch="False" />
                <line number="1024" hits="0" branch="False" />
                <line number="1025" hits="0" branch="False" />
                <line number="1026" hits="0" branch="False" />
                <line number="1027" hits="0" branch="False" />
                <line number="1030" hits="0" branch="True" condition-coverage="0% (0/2)">
                  <conditions>
                    <condition number="339" type="jump" coverage="0%" />
                  </conditions>
                </line>
[...]
            <line number="29" hits="0" branch="False" />
            <line number="32" hits="0" branch="False" />
            <line number="34" hits="0" branch="False" />
            <line number="36" hits="0" branch="False" />
            <line number="38" hits="0" branch="False" />
            <line number="41" hits="0" branch="False" />
            <line number="43" hits="0" branch="False" />
            <line number="47" hits="0" branch="False" />
          </lines>
        </class>
        <class name="Foodbook.Data.Entities.NutritionInfo" filename="Foodbook.Data\Entities\NutritionInfo.cs" line-rate="0" branch-rate="1" complexity="19">
          <methods>
            <method name="get_Id" signature="()" line-rate="0" branch-rate="1" complexity="1">
              <lines>
                <line number="8" hits="0" branch="False" />
              </lines>
            </method>
            <method name="get_RecipeId" signature="()" line-rate="0" branch-rate="1" complexity="1">
              <lines>
                <line number="11" hits="0" branch="False" />
              </lines>
            </method>
            <method name="get_Recipe" signature="()" line-rate="0" branch-rate="1" complexity="1">
              <lines>
                <line number="12" hits="0" branch="False" />
              </lines>
            </method>
            <method name="get_Calories" signature="()" line-rate="0" branch-rate="1" complexity="1">
              <lines>
                <line number="15" hits="0" branch="False" />
              </lines>
            </method>
            <method name="get_Protein" signature="()" line-rate="0" branch-rate="1" complexity="1">
              <lines>
                <line number="16" hits="0" branch="False" />
              </lines>
            </method>
            <method name="get_Carbohydrates" signature="()" line-rate="0" branch-rate="1" complexity="1">
              <lines>
                <line number="17" hits="0" branch="False" />
              </lines>
            </method>
            <method name="get_Fat" signature="()" line-rate="0" branch-rate="1" complexity="1">
              <lines>
                <line number="18" hits="0" branch="False" />
              </lines>
            </method>
            <method name="get_Fiber" signature="()" line-rate="0" branch-rate="1" complexity="1">
              <lines>
                <line number="19" hits="0" branch="False" />
              </lines>
            </method>
            <method name="get_Sugar" signature="()" line-rate="0" branch-rate="1" complexity="1">
              <lines>
                <line number="20" hits="0" branch="False" />
              </lines>
            </method>
            <method name="get_Sodium" signature="()" line-rate="0" branch-rate="1" complexity="1">
              <lines>
                <line number="21" hits="0" branch="False" />
              </lines>
            </method>
            <method name="get_VitaminA" signature="()" line-rate="0" branch-rate="1" complexity="1">
              <lines>
                <line number="24" hits="0" branch="False" />
              </lines>
            </method>
            <method name="get_VitaminC" signature="()" line-rate="0" branch-rate="1" complexity="1">
              <lines>
                <line number="25" hits="0" branch="False" />
              </lines>
            </method>
            <method name="get_Calcium" signature="()" line-rate="0" branch-rate="1" complexity="1">
              <lines>
                <line number="26" hits="0" branch="False" />
              </lines>
            </method>
            <method name="get_Iron" signature="()" line-rate="0" branch-rate="1" complexity="1">
              <lines>
                <line number="27" hits="0" branch="False" />
              </lines>
            </method>
            <method name="get_HealthScore" signature="()" line-rate="0" branch-rate="1" complexity="1">
              <lines>
                <line number="30" hits="0" branch="False" />
              </lines>
            </method>
            <method name="get_AIFeedback" signature="()" line-rate="0" branch-rate="1" complexity="1">
              <lines>
                <line number="31" hits="0" branch="False" />
              </lines>
            </method>
            <method name="get_Warnings" signature="()" line-rate="0" branch-rate="1" complexity="1">
              <lines>
                <line number="32" hits="0" branch="False" />
              </lines>
            </method>
            <method name="get_CreatedAt" signature="()" line-rate="0" branch-rate="1" complexity="1">
              <lines>
                <line number="34" hits="0" branch="False" />
              </lines>
            </method>
            <method name="get_UpdatedAt" signature="()" line-rate="0" branch-rate="1" complexity="1">
              <lines>
                <line number="35" hits="0" branch="False" />
              </lines>
            </method>
          </methods>
          <lines>
            <line number="8" hits="0" branch="False" />
            <line number="11" hits="0" branch="False" />
            <line number="12" hits="0" branch="False" />
            <line number="15" hits="0" branch="False" />
            <line number="16" hits="0" branch="False" />
            <line number="17" hits="0" branch="False" />
            <line number="18" hits="0" branch="False" />
            <line number="19" hits="0" branch="False" />
            <line number="20" hits="0" branch="False" />
            <line number="21" hits="0" branch="False" />
            <line number="24" hits="0" branch="False" />
            <line number="25" hits="0" branch="False" />
            <line number="26" hits="0" branch="False" />
            <line number="27" hits="0" branch="False" />
            <line number="30" hits="0" branch="False" />
            <line number="31" hits="0" branch="False" />
            <line number="32" hits="0" branch="False" />
            <line number="34" hits="0" branch="False" />
            <line number="35" hits="0" branch="False" />
          </lines>
        </class>
        <class name="Foodbook.Data.Entities.Rating" filename="Foodbook.Data\Entities\Rating.cs" line-rate="0.875" branch-rate="1" complexity="8">
          <methods>
            <method name="get_Id" signature="()" line-rate="1" branch-rate="1" complexity="1">
              <lines>
                <line number="10" hits="2" branch="False" />
              </lines>
            </method>
            <method name="get_RecipeId" signature="()" line-rate="1" branch-rate="1" complexity="1">
              <lines>
                <line number="13" hits="2" branch="False" />
              </lines>
            </method>
            <method name="get_UserId" signature="()" line-rate="1" branch-rate="1" complexity="1">
              <lines>
                <line number="16" hits="2" branch="False" />
              </lines>
            </method>
            <method name="get_Score" signature="()" line-rate="1" branch-rate="1" complexity="1">
              <lines>
                <line number="21" hits="2" branch="False" />
              </lines>
            </method>
            <method name="get_Comment" signature="()" line-rate="0" branch-rate="1" complexity="1">
              <lines>
                <line number="24" hits="0" branch="False" />
              </lines>
            </method>
            <method name="get_CreatedAt" signature="()" line-rate="1" branch-rate="1" complexity="1">
              <lines>
                <line number="26" hits="2" branch="False" />
              </lines>
            </method>
            <method name="get_Recipe" signature="()" line-rate="1" branch-rate="1" complexity="1">
              <lines>
                <line number="30" hits="2" branch="False" />
              </lines>
            </method>
            <method name="get_User" signature="()" line-rate="1" branch-rate="1" complexity="1">
              <lines>
                <line number="33" hits="2" branch="False" />
              </lines>
            </method>
          </methods>
          <lines>
            <line number="10" hits="2" branch="False" />
            <line number="13" hits="2" branch="False" />
            <line number="16" hits="2" branch="False" />
            <line number="21" hits="2" branch="False" />
            <line number="24" hits="0" branch="False" />
            <line number="26" hits="2" branch="False" />
            <line number="30" hits="2" branch="False" />
            <line number="33" hits="2" branch="False" />
          </lines>
        </class>
        <class name="Foodbook.Data.Entities.Recipe" filename="Foodbook.Data\Entities\Recipe.cs" line-rate="0.875" branch-rate="1" complexity="16">
          <methods>
            <method name="get_Id" signature="()" line-rate="1" branch-rate="1" complexity="1">
              <lines>
                <line number="10" hits="60" branch="False" />
              </lines>
            </method>
            <method name="get_Title" signature="()" line-rate="1" branch-rate="1" complexity="1">
              <lines>
                <line number="14" hits="135" branch="False" />
              </lines>
            </method>
            <method name="get_Description" signature="()" line-rate="1" branch-rate="1" complexity="1">
              <lines>
                <line number="17" hits="13" branch="False" />
              </lines>
            </method>
            <method name="get_Instructions" signature="()" line-rate="1" branch-rate="1" complexity="1">
              <lines>
                <line number="20" hits="57" branch="False" />
              </lines>
            </method>
            <method name="get_CookTime" signature="()" line-rate="1" branch-rate="1" complexity="1">
              <lines>
                <line number="22" hits="22" branch="False" />
              </lines>
            </method>
            <method name="get_Servings" signature="()" line-rate="1" branch-rate="1" complexity="1">
              <lines>
                <line number="24" hits="26" branch="False" />
              </lines>
            </method>
            <method name="get_Difficulty" signature="()" line-rate="1" branch-rate="1" complexity="1">
              <lines>
                <line number="28" hits="56" branch="False" />
              </lines>
            </method>
            <method name="get_Category" signature="()" line-rate="1" branch-rate="1" complexity="1">
              <lines>
                <line number="31" hits="13" branch="False" />
              </lines>
            </method>
            <method name="get_ImageUrl" signature="()" line-rate="1" branch-rate="1" complexity="1">
              <lines>
                <line number="34" hits="27" branch="False" />
              </lines>
            </method>
            <method name="get_UserId" signature="()" line-rate="1" branch-rate="1" complexity="1">
              <lines>
                <line number="37" hits="30" branch="False" />
              </lines>
            </method>
            <method name="get_IsAIGenerated" signature="()" line-rate="0" branch-rate="1" complexity="1">
              <lines>
                <line number="39" hits="0" branch="False" />
              </lines>
            </method>
            <method name="get_CreatedAt" signature="()" line-rate="1" branch-rate="1" complexity="1">
              <lines>
                <line number="41" hits="36" branch="False" />
              </lines>
            </method>
            <method name="get_UpdatedAt" signature="()" line-rate="1" branch-rate="1" complexity="1">
              <lines>
                <line number="43" hits="44" branch="False" />
              </lines>
            </method>
            <method name="get_User" signature="()" line-rate="0" branch-rate="1" complexity="1">
              <lines>
                <line number="47" hits="0" branch="False" />
              </lines>
            </method>
            <method name="get_RecipeIngredients" signature="()" line-rate="1" branch-rate="1" complexity="1">
              <lines>
                <line number="49" hits="48" branch="False" />
              </lines>
            </method>
            <method name="get_Ratings" signature="()" line-rate="1" branch-rate="1" complexity="1">
              <lines>
                <line number="50" hits="34" branch="False" />
              </lines>
            </method>
          </methods>
          <lines>
            <line number="10" hits="60" branch="False" />
            <line number="14" hits="135" branch="False" />
            <line number="17" hits="13" branch="False" />
            <line number="20" hits="57" branch="False" />
            <line number="22" hits="22" branch="False" />
            <line number="24" hits="26" branch="False" />
            <line number="28" hits="56" branch="False" />
            <line number="31" hits="13" branch="False" />
            <line number="34" hits="27" branch="False" />
            <line number="37" hits="30" branch="False" />
            <line number="39" hits="0" branch="False" />
            <line number="41" hits="36" branch="False" />
            <line number="43" hits="44" branch="False" />
            <line number="47" hits="0" branch="False" />
            <line number="49" hits="48" branch="False" />
            <line number="50" hits="34" branch="False" />
          </lines>
        </class>
        <class name="Foodbook.Data.Entities.RecipeIngredient" filename="Foodbook.Data\Entities\RecipeIngredient.cs" line-rate="0.75" branch-rate="1" complexity="8">
          <methods>
            <method name="get_Id" signature="()" line-rate="0" branch-rate="1" complexity="1">
              <lines>
                <line number="10" hits="0" branch="False" />
              </lines>
            </method>
            <method name="get_RecipeId" signature="()" line-rate="1" branch-rate="1" complexity="1">
              <lines>
                <line number="13" hits="29" branch="False" />
              </lines>
            </method>
            <method name="get_IngredientId" signature="()" line-rate="1" branch-rate="1" complexity="1">
              <lines>
                <line number="16" hits="29" branch="False" />
              </lines>
            </method>
            <method name="get_Quantity" signature="()" line-rate="1" branch-rate="1" complexity="1">
              <lines>
                <line number="20" hits="57" branch="False" />
              </lines>
            </method>
            <method name="get_Unit" signature="()" line-rate="1" branch-rate="1" complexity="1">
              <lines>
                <line number="24" hits="37" branch="False" />
              </lines>
            </method>
            <method name="get_Notes" signature="()" line-rate="0" branch-rate="1" complexity="1">
              <lines>
                <line number="27" hits="0" branch="False" />
              </lines>
            </method>
            <method name="get_Recipe" signature="()" line-rate="1" branch-rate="1" complexity="1">
              <lines>
                <line number="31" hits="5" branch="False" />
              </lines>
            </method>
            <method name="get_Ingredient" signature="()" line-rate="1" branch-rate="1" complexity="1">
              <lines>
                <line number="34" hits="81" branch="False" />
              </lines>
            </method>
          </methods>
          <lines>
            <line number="10" hits="0" branch="False" />
            <line number="13" hits="29" branch="False" />
            <line number="16" hits="29" branch="False" />
            <line number="20" hits="57" branch="False" />
            <line number="24" hits="37" branch="False" />
            <line number="27" hits="0" branch="False" />
            <line number="31" hits="5" branch="False" />
            <line number="34" hits="81" branch="False" />
          </lines>
        </class>
        <class name="Foodbook.Data.Entities.User" filename="Foodbook.Data\Entities\User.cs" line-rate="0.909" branch-rate="1" complexity="11">
          <methods>
            <method name="get_Id" signature="()" line-rate="1" branch-rate="1" complexity="1">
              <lines>
                <line number="10" hits="12" branch="False" />
              </lines>
            </method>
            <method name="get_Username" signature="()" line-rate="1" branch-rate="1" complexity="1">
              <lines>
                <line number="14" hits="24" branch="False" />
              </lines>
            </method>
            <method name="get_Email" signature="()" line-rate="1" branch-rate="1" complexity="1">
              <lines>
                <line number="18" hits="24" branch="False" />
              </lines>
            </method>
            <method name="get_Password" signature="()" line-rate="1" branch-rate="1" complexity="1">
              <lines>
                <line number="22" hits="12" branch="False" />
              </lines>
            </method>
            <method name="get_PasswordHash" signature="()" line-rate="1" branch-rate="1" complexity="1">
              <lines>
                <line number="26" hits="24" branch="False" />
              </lines>
            </method>
            <method name="get_IsAdmin" signature="()" line-rate="0" branch-rate="1" complexity="1">
              <lines>
                <line number="28" hits="0" branch="False" />
              </lines>
            </method>
            <method name="get_CreatedAt" signature="()" line-rate="1" branch-rate="1" complexity="1">
              <lines>
                <line number="30" hits="12" branch="False" />
              </lines>
            </method>
            <method name="get_Recipes" signature="()" line-rate="1" branch-rate="1" complexity="1">
              <lines>
                <line number="33" hits="12" branch="False" />
              </lines>
            </method>
            <method name="get_Ingredients" signature="()" line-rate="1" branch-rate="1" complexity="1">
              <lines>
                <line number="34" hits="12" branch="False" />
              </lines>
            </method>
            <method name="get_Ratings" signature="()" line-rate="1" branch-rate="1" complexity="1">
              <lines>
                <line number="35" hits="12" branch="False" />
              </lines>
            </method>
            <method name="get_LogEntries" signature="()" line-rate="1" branch-rate="1" complexity="1">
              <lines>
                <line number="36" hits="12" branch="False" />
              </lines>
            </method>
          </methods>
          <lines>
            <line number="10" hits="12" branch="False" />
            <line number="14" hits="24" branch="False" />
            <line number="18" hits="24" branch="False" />
            <line number="22" hits="12" branch="False" />
            <line number="26" hits="24" branch="False" />
            <line number="28" hits="0" branch="False" />
            <line number="30" hits="12" branch="False" />
            <line number="33" hits="12" branch="False" />
            <line number="34" hits="12" branch="False" />
            <line number="35" hits="12" branch="False" />
            <line number="36" hits="12" branch="False" />
          </lines>
        </class>
      </classes>
    </package>
  </packages>
</coverage>