<?xml version="1.0" encoding="utf-8"?>
<TestRun id="1fe61cb9-633f-4d6b-bfa5-b57d05f499cd" name="USER@TOMOUTFITPC 2025-11-09 20:31:17" runUser="TOMOUTFITPC\USER" xmlns="http://microsoft.com/schemas/VisualStudio/TeamTest/2010">
  <Times creation="2025-11-09T20:31:17.4857366+07:00" queuing="2025-11-09T20:31:17.4857370+07:00" start="2025-11-09T20:31:16.2344766+07:00" finish="2025-11-09T20:32:20.9567388+07:00" />
  <TestSettings name="default" id="548d20fa-25b8-4ffd-a045-96d559482b96">
    <Deployment runDeploymentRoot="USER_TOMOUTFITPC_2025-11-09_20_31_17" />
  </TestSettings>
  <Results>
    <UnitTestResult executionId="fbcedd92-513d-4190-a03a-f40601caf911" testId="610b4c65-6ab8-b2f8-124a-50da4e7868e3" testName="Foodbook.Tests.RecipeServiceTests.GetAllRecipesAsync_LoadsMissingImages" computerName="TOMOUTFITPC" duration="00:00:00.0559317" startTime="2025-11-09T20:31:17.4359612+07:00" endTime="2025-11-09T20:31:17.4359614+07:00" testType="13cdc9d9-ddb5-4fa4-a97d-d965ccfc6d4b" outcome="Passed" testListId="8c84fa94-04c1-424b-9868-57a2d4851a1d" relativeResultsDirectory="fbcedd92-513d-4190-a03a-f40601caf911" />
    <UnitTestResult executionId="475619a1-f1d9-4ccc-9297-ff65cc133509" testId="78347e87-05b2-f459-8f0a-669806eeca10" testName="Foodbook.Tests.NutritionServiceTests.GetHealthAlertsAsync_ShouldReturnAlerts_ForGoodProtein" computerName="TOMOUTFITPC" duration="00:00:00.5151339" startTime="2025-11-09T20:32:06.2527665+07:00" endTime="2025-11-09T20:32:06.2527668+07:00" testType="13cdc9d9-ddb5-4fa4-a97d-d965ccfc6d4b" outcome="Passed" testListId="8c84fa94-04c1-424b-9868-57a2d4851a1d" relativeResultsDirectory="475619a1-f1d9-4ccc-9297-ff65cc133509" />
    <UnitTestResult executionId="349b3824-ad9a-4eed-a60a-f798010e1dde" testId="c305f16c-ed83-9d1f-c555-ad51bc115069" testName="Foodbook.Tests.NutritionServiceTests.GetHealthAlertsAsync_ShouldReturnAlerts_ForHighSaturatedFat" computerName="TOMOUTFITPC" duration="00:00:00.5149179" startTime="2025-11-09T20:32:19.8656084+07:00" endTime="2025-11-09T20:32:19.8656087+07:00" testType="13cdc9d9-ddb5-4fa4-a97d-d965ccfc6d4b" outcome="Passed" testListId="8c84fa94-04c1-424b-9868-57a2d4851a1d" relativeResultsDirectory="349b3824-ad9a-4eed-a60a-f798010e1dde" />
    <UnitTestResult executionId="74129b48-c425-48e8-9900-a2f5313c81a2" testId="9f96b62c-1e43-8644-7897-c54479c6759f" testName="Foodbook.Tests.ShoppingListServiceTests.ExportShoppingListToNotesAsync_ShouldHandleEmptyList" computerName="TOMOUTFITPC" duration="00:00:00.5135779" startTime="2025-11-09T20:31:33.6944795+07:00" endTime="2025-11-09T20:31:33.6944798+07:00" testType="13cdc9d9-ddb5-4fa4-a97d-d965ccfc6d4b" outcome="Passed" testListId="8c84fa94-04c1-424b-9868-57a2d4851a1d" relativeResultsDirectory="74129b48-c425-48e8-9900-a2f5313c81a2" />
    <UnitTestResult executionId="b7c0fc81-b72b-438f-a20a-02d562b46d26" testId="b4cc7dfe-df6d-40dc-856c-d410e483ea55" testName="Foodbook.Tests.NutritionServiceTests.AnalyzeUnstructuredRecipeAsync_ShouldHandleEggAndFishForVitaminD" computerName="TOMOUTFITPC" duration="00:00:05.0325822" startTime="2025-11-09T20:31:32.0557522+07:00" endTime="2025-11-09T20:31:32.0557530+07:00" testType="13cdc9d9-ddb5-4fa4-a97d-d965ccfc6d4b" outcome="Passed" testListId="8c84fa94-04c1-424b-9868-57a2d4851a1d" relativeResultsDirectory="b7c0fc81-b72b-438f-a20a-02d562b46d26" />
    <UnitTestResult executionId="42772b4b-4ac4-4325-ade9-59b1db6c5773" testId="ce06847b-93d6-c6d3-14a3-0d050a73717e" testName="Foodbook.Tests.ShoppingListServiceTests.OptimizeShoppingListAsync_ShouldOptimizeList_WithBulkPurchases" computerName="TOMOUTFITPC" duration="00:00:01.0074201" startTime="2025-11-09T20:31:27.6117338+07:00" endTime="2025-11-09T20:31:27.6117341+07:00" testType="13cdc9d9-ddb5-4fa4-a97d-d965ccfc6d4b" outcome="Passed" testListId="8c84fa94-04c1-424b-9868-57a2d4851a1d" relativeResultsDirectory="42772b4b-4ac4-4325-ade9-59b1db6c5773" />
    <UnitTestResult executionId="f17e651c-a4c3-4298-abfe-de765ff11b3e" testId="246eeb8a-88ae-217f-6183-14a2cb9cfa4c" testName="Foodbook.Tests.ShoppingListServiceTests.GenerateRandomShoppingListFromDatabaseAsync_ShouldHandleEmptyIngredientsGracefully" computerName="TOMOUTFITPC" duration="00:00:01.5143317" startTime="2025-11-09T20:31:26.0742822+07:00" endTime="2025-11-09T20:31:26.0742826+07:00" testType="13cdc9d9-ddb5-4fa4-a97d-d965ccfc6d4b" outcome="Passed" testListId="8c84fa94-04c1-424b-9868-57a2d4851a1d" relativeResultsDirectory="f17e651c-a4c3-4298-abfe-de765ff11b3e" />
    <UnitTestResult executionId="c69faaf3-cc80-4b78-b888-96f111c4d7b1" testId="286e20bf-683e-8033-83fc-c7bc7184a402" testName="Foodbook.Tests.RecipeServiceTests.DeleteRecipeAsync_RemovesEntity_WhenFound" computerName="TOMOUTFITPC" duration="00:00:00.0503931" startTime="2025-11-09T20:31:17.3326915+07:00" endTime="2025-11-09T20:31:17.3326918+07:00" testType="13cdc9d9-ddb5-4fa4-a97d-d965ccfc6d4b" outcome="Passed" testListId="8c84fa94-04c1-424b-9868-57a2d4851a1d" relativeResultsDirectory="c69faaf3-cc80-4b78-b888-96f111c4d7b1" />
    <UnitTestResult executionId="d9f5c927-6e8f-43f8-b80b-d350286525e4" testId="ce4c0d35-a00e-01fc-f031-9f02e4c381e2" testName="Foodbook.Tests.ShoppingListServiceTests.GenerateSmartShoppingListAsync_ShouldPrioritizeIngredientsCorrectly" computerName="TOMOUTFITPC" duration="00:00:01.6781056" startTime="2025-11-09T20:31:18.4272189+07:00" endTime="2025-11-09T20:31:18.4272195+07:00" testType="13cdc9d9-ddb5-4fa4-a97d-d965ccfc6d4b" outcome="Passed" testListId="8c84fa94-04c1-424b-9868-57a2d4851a1d" relativeResultsDirectory="d9f5c927-6e8f-43f8-b80b-d350286525e4" />
    <UnitTestResult executionId="1248d6d1-1ab0-448d-b31b-8b1ce3c9e6aa" testId="e16b1692-49b9-72fe-dac0-07e1b7c109d0" testName="Foodbook.Tests.ShoppingListServiceTests.GetShoppingCategoriesAsync_ShouldReturnAllCategories" computerName="TOMOUTFITPC" duration="00:00:00.5166899" startTime="2025-11-09T20:31:20.9757372+07:00" endTime="2025-11-09T20:31:20.9757380+07:00" testType="13cdc9d9-ddb5-4fa4-a97d-d965ccfc6d4b" outcome="Passed" testListId="8c84fa94-04c1-424b-9868-57a2d4851a1d" relativeResultsDirectory="1248d6d1-1ab0-448d-b31b-8b1ce3c9e6aa" />
    <UnitTestResult executionId="72664987-25b4-4f64-8de6-a893b7a77b8d" testId="d5d4d890-1e4e-37ce-28e2-55c9e5cbbdbc" testName="Foodbook.Tests.NutritionServiceTests.ParseIngredientsWithAIAsync_ShouldReturnIngredients_WhenValidRecipeText" computerName="TOMOUTFITPC" duration="00:00:00.0138391" startTime="2025-11-09T20:32:06.2674806+07:00" endTime="2025-11-09T20:32:06.2674810+07:00" testType="13cdc9d9-ddb5-4fa4-a97d-d965ccfc6d4b" outcome="Passed" testListId="8c84fa94-04c1-424b-9868-57a2d4851a1d" relativeResultsDirectory="72664987-25b4-4f64-8de6-a893b7a77b8d" />
    <UnitTestResult executionId="bf94e004-dbb6-4c86-8657-2cc78d0f6aa7" testId="cae87bd0-35da-12ca-d456-a5fed96e125a" testName="Foodbook.Tests.ShoppingListServiceTests.GenerateSmartShoppingListAsync_ShouldHandleAIFallback" computerName="TOMOUTFITPC" duration="00:00:01.0078498" startTime="2025-11-09T20:31:36.2122119+07:00" endTime="2025-11-09T20:31:36.2122121+07:00" testType="13cdc9d9-ddb5-4fa4-a97d-d965ccfc6d4b" outcome="Passed" testListId="8c84fa94-04c1-424b-9868-57a2d4851a1d" relativeResultsDirectory="bf94e004-dbb6-4c86-8657-2cc78d0f6aa7" />
    <UnitTestResult executionId="508e097d-0d6d-44c9-ae4d-9eabccc9a8ad" testId="87fc945a-34ec-8647-85f3-c69aa5660d99" testName="Foodbook.Tests.NutritionServiceTests.GenerateHealthFeedbackAsync_ShouldReturnFeedback_WhenValidNutrition" computerName="TOMOUTFITPC" duration="00:00:00.0019233" startTime="2025-11-09T20:31:18.8950604+07:00" endTime="2025-11-09T20:31:18.8950607+07:00" testType="13cdc9d9-ddb5-4fa4-a97d-d965ccfc6d4b" outcome="Passed" testListId="8c84fa94-04c1-424b-9868-57a2d4851a1d" relativeResultsDirectory="508e097d-0d6d-44c9-ae4d-9eabccc9a8ad" />
    <UnitTestResult executionId="be2ddca2-be55-488c-9fba-895fcaa2ddfb" testId="2149d2df-1d48-3efd-8d70-8e50924a4121" testName="Foodbook.Tests.NutritionServiceTests.AnalyzeCustomRecipeAsync_ShouldHandleExceptionAndFallback" computerName="TOMOUTFITPC" duration="00:00:00.0158518" startTime="2025-11-09T20:31:27.0195380+07:00" endTime="2025-11-09T20:31:27.0195384+07:00" testType="13cdc9d9-ddb5-4fa4-a97d-d965ccfc6d4b" outcome="Passed" testListId="8c84fa94-04c1-424b-9868-57a2d4851a1d" relativeResultsDirectory="be2ddca2-be55-488c-9fba-895fcaa2ddfb" />
    <UnitTestResult executionId="84943fa5-236d-4f6e-bd31-c398f13f288e" testId="f12670b3-a159-bcc5-2c70-322346e3794c" testName="Foodbook.Tests.NutritionServiceTests.AnalyzeRecipeNutritionAsync_ShouldHandleEmptyIngredients" computerName="TOMOUTFITPC" duration="00:00:02.0152975" startTime="2025-11-09T20:31:58.6982881+07:00" endTime="2025-11-09T20:31:58.6982884+07:00" testType="13cdc9d9-ddb5-4fa4-a97d-d965ccfc6d4b" outcome="Passed" testListId="8c84fa94-04c1-424b-9868-57a2d4851a1d" relativeResultsDirectory="84943fa5-236d-4f6e-bd31-c398f13f288e" />
    <UnitTestResult executionId="ba8fcdcd-55f6-4b47-84a1-87597c658135" testId="ff87b2a7-fbd9-ad02-551d-a0f81724a643" testName="Foodbook.Tests.NutritionServiceTests.AnalyzeUnstructuredRecipeAsync_ShouldHandleFallbackWhenNoIngredientsDetected" computerName="TOMOUTFITPC" duration="00:00:05.0269537" startTime="2025-11-09T20:31:37.0831901+07:00" endTime="2025-11-09T20:31:37.0831910+07:00" testType="13cdc9d9-ddb5-4fa4-a97d-d965ccfc6d4b" outcome="Passed" testListId="8c84fa94-04c1-424b-9868-57a2d4851a1d" relativeResultsDirectory="ba8fcdcd-55f6-4b47-84a1-87597c658135" />
    <UnitTestResult executionId="bc5fd1b3-7845-400e-86ee-1b37e3afed02" testId="1a166364-0c38-b937-11a5-0e2632277a58" testName="Foodbook.Tests.RecipeServiceTests.UpdateRecipeAsync_UpdatesTimestamp_AndPersistsChanges" computerName="TOMOUTFITPC" duration="00:00:00.0062802" startTime="2025-11-09T20:31:17.4659743+07:00" endTime="2025-11-09T20:31:17.4659749+07:00" testType="13cdc9d9-ddb5-4fa4-a97d-d965ccfc6d4b" outcome="Passed" testListId="8c84fa94-04c1-424b-9868-57a2d4851a1d" relativeResultsDirectory="bc5fd1b3-7845-400e-86ee-1b37e3afed02" />
    <UnitTestResult executionId="152a2c26-c74a-4688-ac00-d5ea78b515a6" testId="814fd2e1-d26a-aa78-c71d-167753cd7f8e" testName="Foodbook.Tests.RecipeServiceTests.GetAverageRatingAsync_ReturnsAverage_WhenRatingsExist" computerName="TOMOUTFITPC" duration="00:00:00.0150671" startTime="2025-11-09T20:31:17.4631316+07:00" endTime="2025-11-09T20:31:17.4631317+07:00" testType="13cdc9d9-ddb5-4fa4-a97d-d965ccfc6d4b" outcome="Passed" testListId="8c84fa94-04c1-424b-9868-57a2d4851a1d" relativeResultsDirectory="152a2c26-c74a-4688-ac00-d5ea78b515a6" />
    <UnitTestResult executionId="1f900e5e-2ecd-4455-81fa-085db938e7ce" testId="b47c5132-46aa-c605-979b-3a501d73070c" testName="Foodbook.Tests.ShoppingListServiceTests.ExportShoppingListToNotesAsync_ShouldExportSuccessfully" computerName="TOMOUTFITPC" duration="00:00:00.5268301" startTime="2025-11-09T20:31:26.6015778+07:00" endTime="2025-11-09T20:31:26.6015784+07:00" testType="13cdc9d9-ddb5-4fa4-a97d-d965ccfc6d4b" outcome="Passed" testListId="8c84fa94-04c1-424b-9868-57a2d4851a1d" relativeResultsDirectory="1f900e5e-2ecd-4455-81fa-085db938e7ce" />
    <UnitTestResult executionId="d77b2d03-3dcf-4dec-ab66-fdfc039217f9" testId="8717e5ce-4565-2cf0-e6b1-f8c224619e8a" testName="Foodbook.Tests.ShoppingListServiceTests.GenerateSmartShoppingListAsync_ShouldHandleUserStock" computerName="TOMOUTFITPC" duration="00:00:01.0275332" startTime="2025-11-09T20:31:19.4552521+07:00" endTime="2025-11-09T20:31:19.4552525+07:00" testType="13cdc9d9-ddb5-4fa4-a97d-d965ccfc6d4b" outcome="Passed" testListId="8c84fa94-04c1-424b-9868-57a2d4851a1d" relativeResultsDirectory="d77b2d03-3dcf-4dec-ab66-fdfc039217f9" />
    <UnitTestResult executionId="904d441b-495d-4de6-9832-542ba629f36a" testId="a567f8ea-cefe-fc0a-7420-0bcc87e04226" testName="Foodbook.Tests.NutritionServiceTests.AnalyzeCustomRecipeAsync_ShouldReturnNutrition_WhenValidRecipeText" computerName="TOMOUTFITPC" duration="00:00:00.0008320" startTime="2025-11-09T20:32:12.3016741+07:00" endTime="2025-11-09T20:32:12.3016743+07:00" testType="13cdc9d9-ddb5-4fa4-a97d-d965ccfc6d4b" outcome="Passed" testListId="8c84fa94-04c1-424b-9868-57a2d4851a1d" relativeResultsDirectory="904d441b-495d-4de6-9832-542ba629f36a" />
    <UnitTestResult executionId="5cd05482-7f61-4d23-b8c0-d97c84b915fa" testId="17482bb7-318d-2d7f-4fe4-855fd1d361ec" testName="Foodbook.Tests.NutritionServiceTests.AnalyzeUnstructuredRecipeAsync_ShouldReturnNutrition_ForValidText" computerName="TOMOUTFITPC" duration="00:00:05.0270745" startTime="2025-11-09T20:32:05.7371476+07:00" endTime="2025-11-09T20:32:05.7371480+07:00" testType="13cdc9d9-ddb5-4fa4-a97d-d965ccfc6d4b" outcome="Passed" testListId="8c84fa94-04c1-424b-9868-57a2d4851a1d" relativeResultsDirectory="5cd05482-7f61-4d23-b8c0-d97c84b915fa" />
    <UnitTestResult executionId="b15699e8-cc07-414a-9f83-4a58eaf10740" testId="7d4de1c1-914c-bf5d-1df5-a435795c1703" testName="Foodbook.Tests.RecipeServiceTests.AdjustServingsAsync_Throws_WhenRecipeNotFound" computerName="TOMOUTFITPC" duration="00:00:00.5308076" startTime="2025-11-09T20:31:17.2826319+07:00" endTime="2025-11-09T20:31:17.2826471+07:00" testType="13cdc9d9-ddb5-4fa4-a97d-d965ccfc6d4b" outcome="Passed" testListId="8c84fa94-04c1-424b-9868-57a2d4851a1d" relativeResultsDirectory="b15699e8-cc07-414a-9f83-4a58eaf10740" />
    <UnitTestResult executionId="84819fce-eda4-4564-bb12-f943fa371604" testId="a955d89b-c4c4-f6a1-6664-13ef55ce9158" testName="Foodbook.Tests.ShoppingListServiceTests.OptimizeShoppingListAsync_ShouldHandleEmptyList" computerName="TOMOUTFITPC" duration="00:00:01.0026104" startTime="2025-11-09T20:31:20.4583962+07:00" endTime="2025-11-09T20:31:20.4583968+07:00" testType="13cdc9d9-ddb5-4fa4-a97d-d965ccfc6d4b" outcome="Passed" testListId="8c84fa94-04c1-424b-9868-57a2d4851a1d" relativeResultsDirectory="84819fce-eda4-4564-bb12-f943fa371604" />
    <UnitTestResult executionId="b2568cbd-3b1b-4b0a-b89c-c4d83f8f0700" testId="bd3494bd-350b-d2cf-aa0c-ec15651690d1" testName="Foodbook.Tests.NutritionServiceTests.CalculateIngredientNutrition_ShouldCalculateMineralsCorrectly" computerName="TOMOUTFITPC" duration="00:00:02.0132669" startTime="2025-11-09T20:32:14.3155777+07:00" endTime="2025-11-09T20:32:14.3155780+07:00" testType="13cdc9d9-ddb5-4fa4-a97d-d965ccfc6d4b" outcome="Passed" testListId="8c84fa94-04c1-424b-9868-57a2d4851a1d" relativeResultsDirectory="b2568cbd-3b1b-4b0a-b89c-c4d83f8f0700" />
    <UnitTestResult executionId="69e9d711-8e68-486b-b950-0c659959b4ef" testId="c61a8b45-ebb2-92b5-8878-a8673c46e085" testName="Foodbook.Tests.RecipeServiceTests.GetRecipesByUserIdAsync_FiltersByUser" computerName="TOMOUTFITPC" duration="00:00:00.0212103" startTime="2025-11-09T20:31:17.5308342+07:00" endTime="2025-11-09T20:31:17.5308344+07:00" testType="13cdc9d9-ddb5-4fa4-a97d-d965ccfc6d4b" outcome="Passed" testListId="8c84fa94-04c1-424b-9868-57a2d4851a1d" relativeResultsDirectory="69e9d711-8e68-486b-b950-0c659959b4ef" />
    <UnitTestResult executionId="71d97bbb-3b91-4911-bf21-472cd21c82c6" testId="296950b2-47cc-e785-5b1b-a17fac7f549e" testName="Foodbook.Tests.RecipeServiceTests.CreateRecipeAsync_SetsTimestamps_AndPersists" computerName="TOMOUTFITPC" duration="00:00:00.0284489" startTime="2025-11-09T20:31:17.3611329+07:00" endTime="2025-11-09T20:31:17.3611330+07:00" testType="13cdc9d9-ddb5-4fa4-a97d-d965ccfc6d4b" outcome="Passed" testListId="8c84fa94-04c1-424b-9868-57a2d4851a1d" relativeResultsDirectory="71d97bbb-3b91-4911-bf21-472cd21c82c6" />
    <UnitTestResult executionId="fc19689c-def0-4e1d-8b3e-b7dd3542b47a" testId="4babf5f3-0c05-52ff-b0cd-2d4de86405ca" testName="Foodbook.Tests.ShoppingListServiceTests.GenerateShoppingListFromMealPlanAsync_ShouldHandleEmptyMealPlan" computerName="TOMOUTFITPC" duration="00:00:00.0022537" startTime="2025-11-09T20:31:26.6039085+07:00" endTime="2025-11-09T20:31:26.6039093+07:00" testType="13cdc9d9-ddb5-4fa4-a97d-d965ccfc6d4b" outcome="Passed" testListId="8c84fa94-04c1-424b-9868-57a2d4851a1d" relativeResultsDirectory="fc19689c-def0-4e1d-8b3e-b7dd3542b47a" />
    <UnitTestResult executionId="c91c4b6c-b772-4a78-8c32-a78b96e0cd99" testId="31cbb51e-de6d-3ab4-464e-c199aa84dd4c" testName="Foodbook.Tests.ShoppingListServiceTests.GenerateShoppingListFromIngredientsAsync_ShouldCategorizeIngredientsCorrectly" computerName="TOMOUTFITPC" duration="00:00:01.5087151" startTime="2025-11-09T20:31:35.2037970+07:00" endTime="2025-11-09T20:31:35.2037973+07:00" testType="13cdc9d9-ddb5-4fa4-a97d-d965ccfc6d4b" outcome="Passed" testListId="8c84fa94-04c1-424b-9868-57a2d4851a1d" relativeResultsDirectory="c91c4b6c-b772-4a78-8c32-a78b96e0cd99" />
    <UnitTestResult executionId="0c81a49f-29c7-45b4-92a3-af8ccffb59db" testId="55788d77-0622-6cd5-5099-1c1543666f15" testName="Foodbook.Tests.NutritionServiceTests.GetNutritionRecommendationsAsync_ShouldReturnRecommendations_ForMuscleGain" computerName="TOMOUTFITPC" duration="00:00:01.0080986" startTime="2025-11-09T20:31:18.8929879+07:00" endTime="2025-11-09T20:31:18.8929882+07:00" testType="13cdc9d9-ddb5-4fa4-a97d-d965ccfc6d4b" outcome="Passed" testListId="8c84fa94-04c1-424b-9868-57a2d4851a1d" relativeResultsDirectory="0c81a49f-29c7-45b4-92a3-af8ccffb59db" />
    <UnitTestResult executionId="ac6ff998-571f-4937-bd61-962e45288107" testId="064a8e25-bfc5-ff8c-0e8a-eec71b6db054" testName="Foodbook.Tests.RecipeServiceTests.GetRecipeByIdAsync_ReturnsNull_WhenNotFound" computerName="TOMOUTFITPC" duration="00:00:00.0008232" startTime="2025-11-09T20:31:17.3799432+07:00" endTime="2025-11-09T20:31:17.3799433+07:00" testType="13cdc9d9-ddb5-4fa4-a97d-d965ccfc6d4b" outcome="Passed" testListId="8c84fa94-04c1-424b-9868-57a2d4851a1d" relativeResultsDirectory="ac6ff998-571f-4937-bd61-962e45288107" />
    <UnitTestResult executionId="2b40dfe1-553e-4242-a43a-fcfc045f78a8" testId="510c5b2d-a2d3-0789-f541-d8d84800d90e" testName="Foodbook.Tests.NutritionServiceTests.AnalyzeUnstructuredRecipeAsync_ShouldHandlePotatoAndBananaForPotassium" computerName="TOMOUTFITPC" duration="00:00:05.0344979" startTime="2025-11-09T20:32:19.3503859+07:00" endTime="2025-11-09T20:32:19.3503863+07:00" testType="13cdc9d9-ddb5-4fa4-a97d-d965ccfc6d4b" outcome="Passed" testListId="8c84fa94-04c1-424b-9868-57a2d4851a1d" relativeResultsDirectory="2b40dfe1-553e-4242-a43a-fcfc045f78a8" />
    <UnitTestResult executionId="8d0dcf0a-4b4f-40b6-85da-a066e3de3485" testId="99026d58-fb5e-9da2-10a2-2f96a443b54f" testName="Foodbook.Tests.NutritionServiceTests.AnalyzeUnstructuredRecipeAsync_ShouldHandleHighSodium" computerName="TOMOUTFITPC" duration="00:00:05.0388232" startTime="2025-11-09T20:31:56.1667514+07:00" endTime="2025-11-09T20:31:56.1667517+07:00" testType="13cdc9d9-ddb5-4fa4-a97d-d965ccfc6d4b" outcome="Passed" testListId="8c84fa94-04c1-424b-9868-57a2d4851a1d" relativeResultsDirectory="8d0dcf0a-4b4f-40b6-85da-a066e3de3485" />
    <UnitTestResult executionId="9d88ab57-50bf-4afb-bb29-72917268fad1" testId="eaa0ae55-b53e-5d66-146e-5a30ad33fe90" testName="Foodbook.Tests.ShoppingListServiceTests.GenerateSmartShoppingListAsync_ShouldHandleMultipleRecipes_WithSharedIngredients" computerName="TOMOUTFITPC" duration="00:00:01.0103908" startTime="2025-11-09T20:31:23.5269666+07:00" endTime="2025-11-09T20:31:23.5269670+07:00" testType="13cdc9d9-ddb5-4fa4-a97d-d965ccfc6d4b" outcome="Passed" testListId="8c84fa94-04c1-424b-9868-57a2d4851a1d" relativeResultsDirectory="9d88ab57-50bf-4afb-bb29-72917268fad1" />
    <UnitTestResult executionId="3e32b8ff-4849-424f-a257-458e92f69d24" testId="239862dc-89e6-49cf-d34f-5917a818bdb1" testName="Foodbook.Tests.NutritionServiceTests.AnalyzeRecipeNutritionAsync_ShouldCalculateNutrition_WhenRecipeHasValidIngredients" computerName="TOMOUTFITPC" duration="00:00:02.0106227" startTime="2025-11-09T20:32:00.7092210+07:00" endTime="2025-11-09T20:32:00.7092213+07:00" testType="13cdc9d9-ddb5-4fa4-a97d-d965ccfc6d4b" outcome="Passed" testListId="8c84fa94-04c1-424b-9868-57a2d4851a1d" relativeResultsDirectory="3e32b8ff-4849-424f-a257-458e92f69d24" />
    <UnitTestResult executionId="916b1653-534d-4cbb-9693-5434a2ff9be3" testId="6e79090e-a230-29a3-6ccc-77ff42db4b4c" testName="Foodbook.Tests.ShoppingListServiceTests.GenerateShoppingListFromIngredientsAsync_ShouldCreateList_FromIngredientNames" computerName="TOMOUTFITPC" duration="00:00:01.5047000" startTime="2025-11-09T20:31:33.1802366+07:00" endTime="2025-11-09T20:31:33.1802369+07:00" testType="13cdc9d9-ddb5-4fa4-a97d-d965ccfc6d4b" outcome="Passed" testListId="8c84fa94-04c1-424b-9868-57a2d4851a1d" relativeResultsDirectory="916b1653-534d-4cbb-9693-5434a2ff9be3" />
    <UnitTestResult executionId="ce405a46-2f1f-4444-ba1d-7c331b4d1d5f" testId="7c26a42c-72cc-f9c0-73d5-07145d0962ea" testName="Foodbook.Tests.NutritionServiceTests.CalculateIngredientNutrition_ShouldCalculateVitaminsCorrectly" computerName="TOMOUTFITPC" duration="00:00:02.0402725" startTime="2025-11-09T20:31:27.0035793+07:00" endTime="2025-11-09T20:31:27.0035796+07:00" testType="13cdc9d9-ddb5-4fa4-a97d-d965ccfc6d4b" outcome="Passed" testListId="8c84fa94-04c1-424b-9868-57a2d4851a1d" relativeResultsDirectory="ce405a46-2f1f-4444-ba1d-7c331b4d1d5f" />
    <UnitTestResult executionId="d1063855-95b0-4f35-94fa-2ac5b5779ae5" testId="04eb9aee-3f9f-8f55-102d-a31768c0c644" testName="Foodbook.Tests.ShoppingListServiceTests.GenerateSmartShoppingListAsync_ShouldReturnEmptyResult_WhenNoRecipes" computerName="TOMOUTFITPC" duration="00:00:00.0011392" startTime="2025-11-09T20:31:31.6748220+07:00" endTime="2025-11-09T20:31:31.6748223+07:00" testType="13cdc9d9-ddb5-4fa4-a97d-d965ccfc6d4b" outcome="Passed" testListId="8c84fa94-04c1-424b-9868-57a2d4851a1d" relativeResultsDirectory="d1063855-95b0-4f35-94fa-2ac5b5779ae5" />
    <UnitTestResult executionId="9670c40d-8eb5-4d3d-bc35-648401ce44d5" testId="6e57c063-0c75-dd94-87be-792fa4aecd84" testName="Foodbook.Tests.NutritionServiceTests.ParseIngredientsWithAIAsync_ShouldHandleExceptionAndFallback" computerName="TOMOUTFITPC" duration="00:00:00.0026698" startTime="2025-11-09T20:31:27.0223460+07:00" endTime="2025-11-09T20:31:27.0223464+07:00" testType="13cdc9d9-ddb5-4fa4-a97d-d965ccfc6d4b" outcome="Passed" testListId="8c84fa94-04c1-424b-9868-57a2d4851a1d" relativeResultsDirectory="9670c40d-8eb5-4d3d-bc35-648401ce44d5" />
    <UnitTestResult executionId="1169fc91-9287-43aa-b44a-cf0d3d33bf50" testId="a7936904-3df9-9aa1-1705-72930af91417" testName="Foodbook.Tests.NutritionServiceTests.GetHealthAlertsAsync_ShouldReturnAlerts_ForHighSodium" computerName="TOMOUTFITPC" duration="00:00:00.5153282" startTime="2025-11-09T20:31:56.6827118+07:00" endTime="2025-11-09T20:31:56.6827122+07:00" testType="13cdc9d9-ddb5-4fa4-a97d-d965ccfc6d4b" outcome="Passed" testListId="8c84fa94-04c1-424b-9868-57a2d4851a1d" relativeResultsDirectory="1169fc91-9287-43aa-b44a-cf0d3d33bf50" />
    <UnitTestResult executionId="b8d32201-514b-4b65-80eb-66683d42446b" testId="fe9224f0-4bc3-f09d-958c-bae7ec3c081b" testName="Foodbook.Tests.ShoppingListServiceTests.GenerateSmartShoppingListAsync_ShouldHandleAIIntegration" computerName="TOMOUTFITPC" duration="00:00:01.0311223" startTime="2025-11-09T20:31:24.5593040+07:00" endTime="2025-11-09T20:31:24.5593047+07:00" testType="13cdc9d9-ddb5-4fa4-a97d-d965ccfc6d4b" outcome="Passed" testListId="8c84fa94-04c1-424b-9868-57a2d4851a1d" relativeResultsDirectory="b8d32201-514b-4b65-80eb-66683d42446b" />
    <UnitTestResult executionId="eae2a911-6493-4c1f-88c4-92bb36ee4532" testId="7603279d-2a18-cf06-ed0f-6b8fe245af60" testName="Foodbook.Tests.RecipeServiceTests.SearchRecipesAsync_AppliesAllFilters" computerName="TOMOUTFITPC" duration="00:00:00.0376424" startTime="2025-11-09T20:31:17.5095444+07:00" endTime="2025-11-09T20:31:17.5095449+07:00" testType="13cdc9d9-ddb5-4fa4-a97d-d965ccfc6d4b" outcome="Passed" testListId="8c84fa94-04c1-424b-9868-57a2d4851a1d" relativeResultsDirectory="eae2a911-6493-4c1f-88c4-92bb36ee4532" />
    <UnitTestResult executionId="d120cc9a-4256-48a7-a768-da0a4e8f8b59" testId="83708683-1799-10a5-dfad-c4bfa7c31524" testName="Foodbook.Tests.RecipeServiceTests.DeleteRecipeAsync_ReturnsFalse_WhenNotFound" computerName="TOMOUTFITPC" duration="00:00:00.0084084" startTime="2025-11-09T20:31:17.4444503+07:00" endTime="2025-11-09T20:31:17.4444505+07:00" testType="13cdc9d9-ddb5-4fa4-a97d-d965ccfc6d4b" outcome="Passed" testListId="8c84fa94-04c1-424b-9868-57a2d4851a1d" relativeResultsDirectory="d120cc9a-4256-48a7-a768-da0a4e8f8b59" />
    <UnitTestResult executionId="9e5b8b7e-5320-4dde-936a-b6b65fe5455d" testId="2f29e08b-23ee-5c70-75a2-7550f3c01d73" testName="Foodbook.Tests.ShoppingListServiceTests.GenerateShoppingListFromMealPlanAsync_ShouldCreateList_FromMealPlanItems" computerName="TOMOUTFITPC" duration="00:00:01.0111728" startTime="2025-11-09T20:31:31.6734978+07:00" endTime="2025-11-09T20:31:31.6734983+07:00" testType="13cdc9d9-ddb5-4fa4-a97d-d965ccfc6d4b" outcome="Passed" testListId="8c84fa94-04c1-424b-9868-57a2d4851a1d" relativeResultsDirectory="9e5b8b7e-5320-4dde-936a-b6b65fe5455d" />
    <UnitTestResult executionId="a940d436-0692-40ef-991e-dd702af8e44c" testId="c3feb61d-077d-b3e8-f809-99ae94269e1d" testName="Foodbook.Tests.NutritionServiceTests.CompareNutritionAsync_ShouldCompareTwoRecipes" computerName="TOMOUTFITPC" duration="00:00:06.0317446" startTime="2025-11-09T20:32:12.2997595+07:00" endTime="2025-11-09T20:32:12.2997597+07:00" testType="13cdc9d9-ddb5-4fa4-a97d-d965ccfc6d4b" outcome="Passed" testListId="8c84fa94-04c1-424b-9868-57a2d4851a1d" relativeResultsDirectory="a940d436-0692-40ef-991e-dd702af8e44c" />
    <UnitTestResult executionId="2f8d107f-7613-4798-9ec1-b1b52e283915" testId="e577b646-84cd-f02b-aa19-ebea928ec7b9" testName="Foodbook.Tests.ShoppingListServiceTests.GenerateRandomShoppingListFromDatabaseAsync_ShouldCreateList_FromUserIngredients" computerName="TOMOUTFITPC" duration="00:00:01.5396700" startTime="2025-11-09T20:31:22.5160815+07:00" endTime="2025-11-09T20:31:22.5160818+07:00" testType="13cdc9d9-ddb5-4fa4-a97d-d965ccfc6d4b" outcome="Passed" testListId="8c84fa94-04c1-424b-9868-57a2d4851a1d" relativeResultsDirectory="2f8d107f-7613-4798-9ec1-b1b52e283915" />
    <UnitTestResult executionId="99a437e1-62d0-4b44-96fe-0e9fc808583a" testId="2e07d3ad-28e2-abf4-c616-dc807d74a987" testName="Foodbook.Tests.NutritionServiceTests.GetNutritionRecommendationsAsync_ShouldReturnRecommendations_ForDiabetesManagement" computerName="TOMOUTFITPC" duration="00:00:01.0142618" startTime="2025-11-09T20:31:19.9102152+07:00" endTime="2025-11-09T20:31:19.9102156+07:00" testType="13cdc9d9-ddb5-4fa4-a97d-d965ccfc6d4b" outcome="Passed" testListId="8c84fa94-04c1-424b-9868-57a2d4851a1d" relativeResultsDirectory="99a437e1-62d0-4b44-96fe-0e9fc808583a" />
    <UnitTestResult executionId="78843778-05df-44b7-9a4a-c9fb869b1e7f" testId="827a1031-3914-644d-5eeb-5dab8dec6d80" testName="Foodbook.Tests.NutritionServiceTests.GetNutritionRecommendationsAsync_ShouldReturnRecommendations_ForHeartHealth" computerName="TOMOUTFITPC" duration="00:00:01.0109625" startTime="2025-11-09T20:32:20.8773570+07:00" endTime="2025-11-09T20:32:20.8773573+07:00" testType="13cdc9d9-ddb5-4fa4-a97d-d965ccfc6d4b" outcome="Passed" testListId="8c84fa94-04c1-424b-9868-57a2d4851a1d" relativeResultsDirectory="78843778-05df-44b7-9a4a-c9fb869b1e7f" />
    <UnitTestResult executionId="f3ff75ef-5424-4997-b42b-9280f4ff21ee" testId="2a54da0a-b7fa-3a84-5644-f639a125252c" testName="Foodbook.Tests.ShoppingListServiceTests.OptimizeShoppingListAsync_ShouldSuggestSubstitutions_ForExpensiveItems" computerName="TOMOUTFITPC" duration="00:00:01.0094018" startTime="2025-11-09T20:31:30.6617833+07:00" endTime="2025-11-09T20:31:30.6617835+07:00" testType="13cdc9d9-ddb5-4fa4-a97d-d965ccfc6d4b" outcome="Passed" testListId="8c84fa94-04c1-424b-9868-57a2d4851a1d" relativeResultsDirectory="f3ff75ef-5424-4997-b42b-9280f4ff21ee" />
    <UnitTestResult executionId="d5ae7912-b351-4668-aaa9-278f0f126025" testId="f8d47b6f-e58a-3231-2cc8-6a1e8ccf7039" testName="Foodbook.Tests.RecipeServiceTests.GetRecipeByIdAsync_LoadsImage_WhenMissing" computerName="TOMOUTFITPC" duration="00:00:00.0178290" startTime="2025-11-09T20:31:17.3790768+07:00" endTime="2025-11-09T20:31:17.3790771+07:00" testType="13cdc9d9-ddb5-4fa4-a97d-d965ccfc6d4b" outcome="Passed" testListId="8c84fa94-04c1-424b-9868-57a2d4851a1d" relativeResultsDirectory="d5ae7912-b351-4668-aaa9-278f0f126025" />
    <UnitTestResult executionId="687d0345-b350-47d2-8805-d5a6736ae6cf" testId="9ab90ac5-5956-8664-908f-38801e20b2db" testName="Foodbook.Tests.NutritionServiceTests.AnalyzeUnstructuredRecipeAsync_ShouldHandleOilAndNutsForVitaminE" computerName="TOMOUTFITPC" duration="00:00:05.0512366" startTime="2025-11-09T20:31:24.9625709+07:00" endTime="2025-11-09T20:31:24.9625715+07:00" testType="13cdc9d9-ddb5-4fa4-a97d-d965ccfc6d4b" outcome="Passed" testListId="8c84fa94-04c1-424b-9868-57a2d4851a1d" relativeResultsDirectory="687d0345-b350-47d2-8805-d5a6736ae6cf" />
    <UnitTestResult executionId="0e927f26-1e03-40d7-b502-ce92e971e454" testId="2eef31ac-e058-25ee-94f7-284cd550818e" testName="Foodbook.Tests.NutritionServiceTests.AnalyzeMealPlanNutritionAsync_ShouldAggregateNutrition_FromMultipleRecipes" computerName="TOMOUTFITPC" duration="00:00:09.0192994" startTime="2025-11-09T20:31:51.1274803+07:00" endTime="2025-11-09T20:31:51.1274805+07:00" testType="13cdc9d9-ddb5-4fa4-a97d-d965ccfc6d4b" outcome="Passed" testListId="8c84fa94-04c1-424b-9868-57a2d4851a1d" relativeResultsDirectory="0e927f26-1e03-40d7-b502-ce92e971e454" />
    <UnitTestResult executionId="9e515109-5822-4f7f-b9d4-b8dfb9fb33e4" testId="8d4ac3ad-d479-7754-c20d-c9eb19ee8edd" testName="Foodbook.Tests.RecipeServiceTests.AdjustServingsAsync_AdjustsQuantities_AndUpdatesServings" computerName="TOMOUTFITPC" duration="00:00:00.0057652" startTime="2025-11-09T20:31:17.4717822+07:00" endTime="2025-11-09T20:31:17.4717828+07:00" testType="13cdc9d9-ddb5-4fa4-a97d-d965ccfc6d4b" outcome="Passed" testListId="8c84fa94-04c1-424b-9868-57a2d4851a1d" relativeResultsDirectory="9e515109-5822-4f7f-b9d4-b8dfb9fb33e4" />
    <UnitTestResult executionId="738ad217-0e73-4763-969d-d6e96857f35e" testId="b936b5c5-cc20-c562-8d25-c1e689c4e118" testName="Foodbook.Tests.NutritionServiceTests.AnalyzeUnstructuredRecipeAsync_ShouldHandleSoySauce" computerName="TOMOUTFITPC" duration="00:00:05.0233530" startTime="2025-11-09T20:31:42.1073477+07:00" endTime="2025-11-09T20:31:42.1073481+07:00" testType="13cdc9d9-ddb5-4fa4-a97d-d965ccfc6d4b" outcome="Passed" testListId="8c84fa94-04c1-424b-9868-57a2d4851a1d" relativeResultsDirectory="738ad217-0e73-4763-969d-d6e96857f35e" />
    <UnitTestResult executionId="f26b6c42-4ab6-46e2-bb95-f76997c77d38" testId="4379e231-5e0c-5160-227d-31868f316df3" testName="Foodbook.Tests.NutritionServiceTests.GetNutritionRecommendationsAsync_ShouldReturnRecommendations_ForWeightLoss" computerName="TOMOUTFITPC" duration="00:00:01.1288625" startTime="2025-11-09T20:31:17.8788797+07:00" endTime="2025-11-09T20:31:17.8788801+07:00" testType="13cdc9d9-ddb5-4fa4-a97d-d965ccfc6d4b" outcome="Passed" testListId="8c84fa94-04c1-424b-9868-57a2d4851a1d" relativeResultsDirectory="f26b6c42-4ab6-46e2-bb95-f76997c77d38" />
    <UnitTestResult executionId="eb6735ce-293c-4bdf-886e-018d20b45613" testId="41bd2151-b7b6-45a7-2e4e-4ae7b62caa92" testName="Foodbook.Tests.ShoppingListServiceTests.GenerateSmartShoppingListAsync_ShouldGenerateShoppingList_WithValidRecipes" computerName="TOMOUTFITPC" duration="00:00:01.0139328" startTime="2025-11-09T20:31:28.6268081+07:00" endTime="2025-11-09T20:31:28.6268086+07:00" testType="13cdc9d9-ddb5-4fa4-a97d-d965ccfc6d4b" outcome="Passed" testListId="8c84fa94-04c1-424b-9868-57a2d4851a1d" relativeResultsDirectory="eb6735ce-293c-4bdf-886e-018d20b45613" />
    <UnitTestResult executionId="cb946f9d-6da4-4240-95a9-400be944b5a9" testId="ace56425-4e8b-7a01-51b0-4e2526b6a928" testName="Foodbook.Tests.NutritionServiceTests.CalculateNutritionFromIngredientsAsync_ShouldCalculateNutrition_WhenValidIngredients" computerName="TOMOUTFITPC" duration="00:00:00.0006746" startTime="2025-11-09T20:32:06.2535625+07:00" endTime="2025-11-09T20:32:06.2535627+07:00" testType="13cdc9d9-ddb5-4fa4-a97d-d965ccfc6d4b" outcome="Passed" testListId="8c84fa94-04c1-424b-9868-57a2d4851a1d" relativeResultsDirectory="cb946f9d-6da4-4240-95a9-400be944b5a9" />
    <UnitTestResult executionId="ce973a56-b84d-429b-aba5-485d70ea059c" testId="0e06cbe5-d3bc-70f8-7494-8f3dda2e3757" testName="Foodbook.Tests.NutritionServiceTests.GenerateHealthFeedbackAsync_ShouldHandleExceptionAndFallback" computerName="TOMOUTFITPC" duration="00:00:00.0009595" startTime="2025-11-09T20:32:12.3008271+07:00" endTime="2025-11-09T20:32:12.3008273+07:00" testType="13cdc9d9-ddb5-4fa4-a97d-d965ccfc6d4b" outcome="Passed" testListId="8c84fa94-04c1-424b-9868-57a2d4851a1d" relativeResultsDirectory="ce973a56-b84d-429b-aba5-485d70ea059c" />
    <UnitTestResult executionId="08216caa-4873-41f2-86a1-f8f4f220184e" testId="a2e6f5c1-0373-5012-7833-12ce5fc9607e" testName="Foodbook.Tests.ShoppingListServiceTests.GenerateSmartShoppingListAsync_ShouldConvertUnitsCorrectly" computerName="TOMOUTFITPC" duration="00:00:01.0241733" startTime="2025-11-09T20:31:29.6518360+07:00" endTime="2025-11-09T20:31:29.6518365+07:00" testType="13cdc9d9-ddb5-4fa4-a97d-d965ccfc6d4b" outcome="Passed" testListId="8c84fa94-04c1-424b-9868-57a2d4851a1d" relativeResultsDirectory="08216caa-4873-41f2-86a1-f8f4f220184e" />
    <UnitTestResult executionId="240c172a-6da7-4644-b136-be783df10fb2" testId="b2fd1501-e5e5-d8fc-9e46-14f15ba6bf29" testName="Foodbook.Tests.RecipeServiceTests.GetAverageRatingAsync_ReturnsZero_WhenNoRatings" computerName="TOMOUTFITPC" duration="00:00:00.0023403" startTime="2025-11-09T20:31:17.5332394+07:00" endTime="2025-11-09T20:31:17.5332395+07:00" testType="13cdc9d9-ddb5-4fa4-a97d-d965ccfc6d4b" outcome="Passed" testListId="8c84fa94-04c1-424b-9868-57a2d4851a1d" relativeResultsDirectory="240c172a-6da7-4644-b136-be783df10fb2" />
  </Results>
  <TestDefinitions>
    <UnitTest name="Foodbook.Tests.NutritionServiceTests.CalculateNutritionFromIngredientsAsync_ShouldCalculateNutrition_WhenValidIngredients" storage="d:\foodbook_prn212_group4_fa25\foodbook.tests\bin\release\net9.0\foodbook.tests.dll" id="ace56425-4e8b-7a01-51b0-4e2526b6a928">
      <Execution id="cb946f9d-6da4-4240-95a9-400be944b5a9" />
      <TestMethod codeBase="D:\FoodBook_PRN212_Group4_Fa25\Foodbook.Tests\bin\Release\net9.0\Foodbook.Tests.dll" adapterTypeName="executor://xunit/VsTestRunner2/netcoreapp" className="Foodbook.Tests.NutritionServiceTests" name="CalculateNutritionFromIngredientsAsync_ShouldCalculateNutrition_WhenValidIngredients" />
    </UnitTest>
    <UnitTest name="Foodbook.Tests.NutritionServiceTests.GetHealthAlertsAsync_ShouldReturnAlerts_ForGoodProtein" storage="d:\foodbook_prn212_group4_fa25\foodbook.tests\bin\release\net9.0\foodbook.tests.dll" id="78347e87-05b2-f459-8f0a-669806eeca10">
      <Execution id="475619a1-f1d9-4ccc-9297-ff65cc133509" />
      <TestMethod codeBase="D:\FoodBook_PRN212_Group4_Fa25\Foodbook.Tests\bin\Release\net9.0\Foodbook.Tests.dll" adapterTypeName="executor://xunit/VsTestRunner2/netcoreapp" className="Foodbook.Tests.NutritionServiceTests" name="GetHealthAlertsAsync_ShouldReturnAlerts_ForGoodProtein" />
    </UnitTest>
    <UnitTest name="Foodbook.Tests.ShoppingListServiceTests.OptimizeShoppingListAsync_ShouldOptimizeList_WithBulkPurchases" storage="d:\foodbook_prn212_group4_fa25\foodbook.tests\bin\release\net9.0\foodbook.tests.dll" id="ce06847b-93d6-c6d3-14a3-0d050a73717e">
      <Execution id="42772b4b-4ac4-4325-ade9-59b1db6c5773" />
      <TestMethod codeBase="D:\FoodBook_PRN212_Group4_Fa25\Foodbook.Tests\bin\Release\net9.0\Foodbook.Tests.dll" adapterTypeName="executor://xunit/VsTestRunner2/netcoreapp" className="Foodbook.Tests.ShoppingListServiceTests" name="OptimizeShoppingListAsync_ShouldOptimizeList_WithBulkPurchases" />
    </UnitTest>
    <UnitTest name="Foodbook.Tests.NutritionServiceTests.AnalyzeRecipeNutritionAsync_ShouldHandleEmptyIngredients" storage="d:\foodbook_prn212_group4_fa25\foodbook.tests\bin\release\net9.0\foodbook.tests.dll" id="f12670b3-a159-bcc5-2c70-322346e3794c">
      <Execution id="84943fa5-236d-4f6e-bd31-c398f13f288e" />
      <TestMethod codeBase="D:\FoodBook_PRN212_Group4_Fa25\Foodbook.Tests\bin\Release\net9.0\Foodbook.Tests.dll" adapterTypeName="executor://xunit/VsTestRunner2/netcoreapp" className="Foodbook.Tests.NutritionServiceTests" name="AnalyzeRecipeNutritionAsync_ShouldHandleEmptyIngredients" />
    </UnitTest>
    <UnitTest name="Foodbook.Tests.NutritionServiceTests.AnalyzeCustomRecipeAsync_ShouldHandleExceptionAndFallback" storage="d:\foodbook_prn212_group4_fa25\foodbook.tests\bin\release\net9.0\foodbook.tests.dll" id="2149d2df-1d48-3efd-8d70-8e50924a4121">
      <Execution id="be2ddca2-be55-488c-9fba-895fcaa2ddfb" />
      <TestMethod codeBase="D:\FoodBook_PRN212_Group4_Fa25\Foodbook.Tests\bin\Release\net9.0\Foodbook.Tests.dll" adapterTypeName="executor://xunit/VsTestRunner2/netcoreapp" className="Foodbook.Tests.NutritionServiceTests" name="AnalyzeCustomRecipeAsync_ShouldHandleExceptionAndFallback" />
    </UnitTest>
    <UnitTest name="Foodbook.Tests.NutritionServiceTests.AnalyzeUnstructuredRecipeAsync_ShouldHandlePotatoAndBananaForPotassium" storage="d:\foodbook_prn212_group4_fa25\foodbook.tests\bin\release\net9.0\foodbook.tests.dll" id="510c5b2d-a2d3-0789-f541-d8d84800d90e">
      <Execution id="2b40dfe1-553e-4242-a43a-fcfc045f78a8" />
      <TestMethod codeBase="D:\FoodBook_PRN212_Group4_Fa25\Foodbook.Tests\bin\Release\net9.0\Foodbook.Tests.dll" adapterTypeName="executor://xunit/VsTestRunner2/netcoreapp" className="Foodbook.Tests.NutritionServiceTests" name="AnalyzeUnstructuredRecipeAsync_ShouldHandlePotatoAndBananaForPotassium" />
    </UnitTest>
    <UnitTest name="Foodbook.Tests.RecipeServiceTests.SearchRecipesAsync_AppliesAllFilters" storage="d:\foodbook_prn212_group4_fa25\foodbook.tests\bin\release\net9.0\foodbook.tests.dll" id="7603279d-2a18-cf06-ed0f-6b8fe245af60">
      <Execution id="eae2a911-6493-4c1f-88c4-92bb36ee4532" />
      <TestMethod codeBase="D:\FoodBook_PRN212_Group4_Fa25\Foodbook.Tests\bin\Release\net9.0\Foodbook.Tests.dll" adapterTypeName="executor://xunit/VsTestRunner2/netcoreapp" className="Foodbook.Tests.RecipeServiceTests" name="SearchRecipesAsync_AppliesAllFilters" />
    </UnitTest>
    <UnitTest name="Foodbook.Tests.NutritionServiceTests.GetNutritionRecommendationsAsync_ShouldReturnRecommendations_ForDiabetesManagement" storage="d:\foodbook_prn212_group4_fa25\foodbook.tests\bin\release\net9.0\foodbook.tests.dll" id="2e07d3ad-28e2-abf4-c616-dc807d74a987">
      <Execution id="99a437e1-62d0-4b44-96fe-0e9fc808583a" />
      <TestMethod codeBase="D:\FoodBook_PRN212_Group4_Fa25\Foodbook.Tests\bin\Release\net9.0\Foodbook.Tests.dll" adapterTypeName="executor://xunit/VsTestRunner2/netcoreapp" className="Foodbook.Tests.NutritionServiceTests" name="GetNutritionRecommendationsAsync_ShouldReturnRecommendations_ForDiabetesManagement" />
    </UnitTest>
    <UnitTest name="Foodbook.Tests.ShoppingListServiceTests.GenerateShoppingListFromMealPlanAsync_ShouldHandleEmptyMealPlan" storage="d:\foodbook_prn212_group4_fa25\foodbook.tests\bin\release\net9.0\foodbook.tests.dll" id="4babf5f3-0c05-52ff-b0cd-2d4de86405ca">
      <Execution id="fc19689c-def0-4e1d-8b3e-b7dd3542b47a" />
      <TestMethod codeBase="D:\FoodBook_PRN212_Group4_Fa25\Foodbook.Tests\bin\Release\net9.0\Foodbook.Tests.dll" adapterTypeName="executor://xunit/VsTestRunner2/netcoreapp" className="Foodbook.Tests.ShoppingListServiceTests" name="GenerateShoppingListFromMealPlanAsync_ShouldHandleEmptyMealPlan" />
    </UnitTest>
    <UnitTest name="Foodbook.Tests.NutritionServiceTests.AnalyzeUnstructuredRecipeAsync_ShouldHandleHighSodium" storage="d:\foodbook_prn212_group4_fa25\foodbook.tests\bin\release\net9.0\foodbook.tests.dll" id="99026d58-fb5e-9da2-10a2-2f96a443b54f">
      <Execution id="8d0dcf0a-4b4f-40b6-85da-a066e3de3485" />
      <TestMethod codeBase="D:\FoodBook_PRN212_Group4_Fa25\Foodbook.Tests\bin\Release\net9.0\Foodbook.Tests.dll" adapterTypeName="executor://xunit/VsTestRunner2/netcoreapp" className="Foodbook.Tests.NutritionServiceTests" name="AnalyzeUnstructuredRecipeAsync_ShouldHandleHighSodium" />
    </UnitTest>
    <UnitTest name="Foodbook.Tests.ShoppingListServiceTests.ExportShoppingListToNotesAsync_ShouldHandleEmptyList" storage="d:\foodbook_prn212_group4_fa25\foodbook.tests\bin\release\net9.0\foodbook.tests.dll" id="9f96b62c-1e43-8644-7897-c54479c6759f">
      <Execution id="74129b48-c425-48e8-9900-a2f5313c81a2" />
      <TestMethod codeBase="D:\FoodBook_PRN212_Group4_Fa25\Foodbook.Tests\bin\Release\net9.0\Foodbook.Tests.dll" adapterTypeName="executor://xunit/VsTestRunner2/netcoreapp" className="Foodbook.Tests.ShoppingListServiceTests" name="ExportShoppingListToNotesAsync_ShouldHandleEmptyList" />
    </UnitTest>
    <UnitTest name="Foodbook.Tests.NutritionServiceTests.CalculateIngredientNutrition_ShouldCalculateMineralsCorrectly" storage="d:\foodbook_prn212_group4_fa25\foodbook.tests\bin\release\net9.0\foodbook.tests.dll" id="bd3494bd-350b-d2cf-aa0c-ec15651690d1">
      <Execution id="b2568cbd-3b1b-4b0a-b89c-c4d83f8f0700" />
      <TestMethod codeBase="D:\FoodBook_PRN212_Group4_Fa25\Foodbook.Tests\bin\Release\net9.0\Foodbook.Tests.dll" adapterTypeName="executor://xunit/VsTestRunner2/netcoreapp" className="Foodbook.Tests.NutritionServiceTests" name="CalculateIngredientNutrition_ShouldCalculateMineralsCorrectly" />
    </UnitTest>
    <UnitTest name="Foodbook.Tests.NutritionServiceTests.GetNutritionRecommendationsAsync_ShouldReturnRecommendations_ForMuscleGain" storage="d:\foodbook_prn212_group4_fa25\foodbook.tests\bin\release\net9.0\foodbook.tests.dll" id="55788d77-0622-6cd5-5099-1c1543666f15">
      <Execution id="0c81a49f-29c7-45b4-92a3-af8ccffb59db" />
      <TestMethod codeBase="D:\FoodBook_PRN212_Group4_Fa25\Foodbook.Tests\bin\Release\net9.0\Foodbook.Tests.dll" adapterTypeName="executor://xunit/VsTestRunner2/netcoreapp" className="Foodbook.Tests.NutritionServiceTests" name="GetNutritionRecommendationsAsync_ShouldReturnRecommendations_ForMuscleGain" />
    </UnitTest>
    <UnitTest name="Foodbook.Tests.RecipeServiceTests.DeleteRecipeAsync_RemovesEntity_WhenFound" storage="d:\foodbook_prn212_group4_fa25\foodbook.tests\bin\release\net9.0\foodbook.tests.dll" id="286e20bf-683e-8033-83fc-c7bc7184a402">
      <Execution id="c69faaf3-cc80-4b78-b888-96f111c4d7b1" />
      <TestMethod codeBase="D:\FoodBook_PRN212_Group4_Fa25\Foodbook.Tests\bin\Release\net9.0\Foodbook.Tests.dll" adapterTypeName="executor://xunit/VsTestRunner2/netcoreapp" className="Foodbook.Tests.RecipeServiceTests" name="DeleteRecipeAsync_RemovesEntity_WhenFound" />
    </UnitTest>
    <UnitTest name="Foodbook.Tests.NutritionServiceTests.GetHealthAlertsAsync_ShouldReturnAlerts_ForHighSaturatedFat" storage="d:\foodbook_prn212_group4_fa25\foodbook.tests\bin\release\net9.0\foodbook.tests.dll" id="c305f16c-ed83-9d1f-c555-ad51bc115069">
      <Execution id="349b3824-ad9a-4eed-a60a-f798010e1dde" />
      <TestMethod codeBase="D:\FoodBook_PRN212_Group4_Fa25\Foodbook.Tests\bin\Release\net9.0\Foodbook.Tests.dll" adapterTypeName="executor://xunit/VsTestRunner2/netcoreapp" className="Foodbook.Tests.NutritionServiceTests" name="GetHealthAlertsAsync_ShouldReturnAlerts_ForHighSaturatedFat" />
    </UnitTest>
    <UnitTest name="Foodbook.Tests.RecipeServiceTests.GetRecipesByUserIdAsync_FiltersByUser" storage="d:\foodbook_prn212_group4_fa25\foodbook.tests\bin\release\net9.0\foodbook.tests.dll" id="c61a8b45-ebb2-92b5-8878-a8673c46e085">
      <Execution id="69e9d711-8e68-486b-b950-0c659959b4ef" />
      <TestMethod codeBase="D:\FoodBook_PRN212_Group4_Fa25\Foodbook.Tests\bin\Release\net9.0\Foodbook.Tests.dll" adapterTypeName="executor://xunit/VsTestRunner2/netcoreapp" className="Foodbook.Tests.RecipeServiceTests" name="GetRecipesByUserIdAsync_FiltersByUser" />
    </UnitTest>
    <UnitTest name="Foodbook.Tests.NutritionServiceTests.AnalyzeRecipeNutritionAsync_ShouldCalculateNutrition_WhenRecipeHasValidIngredients" storage="d:\foodbook_prn212_group4_fa25\foodbook.tests\bin\release\net9.0\foodbook.tests.dll" id="239862dc-89e6-49cf-d34f-5917a818bdb1">
      <Execution id="3e32b8ff-4849-424f-a257-458e92f69d24" />
      <TestMethod codeBase="D:\FoodBook_PRN212_Group4_Fa25\Foodbook.Tests\bin\Release\net9.0\Foodbook.Tests.dll" adapterTypeName="executor://xunit/VsTestRunner2/netcoreapp" className="Foodbook.Tests.NutritionServiceTests" name="AnalyzeRecipeNutritionAsync_ShouldCalculateNutrition_WhenRecipeHasValidIngredients" />
    </UnitTest>
    <UnitTest name="Foodbook.Tests.ShoppingListServiceTests.GenerateSmartShoppingListAsync_ShouldHandleAIFallback" storage="d:\foodbook_prn212_group4_fa25\foodbook.tests\bin\release\net9.0\foodbook.tests.dll" id="cae87bd0-35da-12ca-d456-a5fed96e125a">
      <Execution id="bf94e004-dbb6-4c86-8657-2cc78d0f6aa7" />
      <TestMethod codeBase="D:\FoodBook_PRN212_Group4_Fa25\Foodbook.Tests\bin\Release\net9.0\Foodbook.Tests.dll" adapterTypeName="executor://xunit/VsTestRunner2/netcoreapp" className="Foodbook.Tests.ShoppingListServiceTests" name="GenerateSmartShoppingListAsync_ShouldHandleAIFallback" />
    </UnitTest>
    <UnitTest name="Foodbook.Tests.ShoppingListServiceTests.OptimizeShoppingListAsync_ShouldSuggestSubstitutions_ForExpensiveItems" storage="d:\foodbook_prn212_group4_fa25\foodbook.tests\bin\release\net9.0\foodbook.tests.dll" id="2a54da0a-b7fa-3a84-5644-f639a125252c">
      <Execution id="f3ff75ef-5424-4997-b42b-9280f4ff21ee" />
      <TestMethod codeBase="D:\FoodBook_PRN212_Group4_Fa25\Foodbook.Tests\bin\Release\net9.0\Foodbook.Tests.dll" adapterTypeName="executor://xunit/VsTestRunner2/netcoreapp" className="Foodbook.Tests.ShoppingListServiceTests" name="OptimizeShoppingListAsync_ShouldSuggestSubstitutions_ForExpensiveItems" />
    </UnitTest>
    <UnitTest name="Foodbook.Tests.NutritionServiceTests.ParseIngredientsWithAIAsync_ShouldReturnIngredients_WhenValidRecipeText" storage="d:\foodbook_prn212_group4_fa25\foodbook.tests\bin\release\net9.0\foodbook.tests.dll" id="d5d4d890-1e4e-37ce-28e2-55c9e5cbbdbc">
      <Execution id="72664987-25b4-4f64-8de6-a893b7a77b8d" />
      <TestMethod codeBase="D:\FoodBook_PRN212_Group4_Fa25\Foodbook.Tests\bin\Release\net9.0\Foodbook.Tests.dll" adapterTypeName="executor://xunit/VsTestRunner2/netcoreapp" className="Foodbook.Tests.NutritionServiceTests" name="ParseIngredientsWithAIAsync_ShouldReturnIngredients_WhenValidRecipeText" />
    </UnitTest>
    <UnitTest name="Foodbook.Tests.ShoppingListServiceTests.GenerateSmartShoppingListAsync_ShouldConvertUnitsCorrectly" storage="d:\foodbook_prn212_group4_fa25\foodbook.tests\bin\release\net9.0\foodbook.tests.dll" id="a2e6f5c1-0373-5012-7833-12ce5fc9607e">
      <Execution id="08216caa-4873-41f2-86a1-f8f4f220184e" />
      <TestMethod codeBase="D:\FoodBook_PRN212_Group4_Fa25\Foodbook.Tests\bin\Release\net9.0\Foodbook.Tests.dll" adapterTypeName="executor://xunit/VsTestRunner2/netcoreapp" className="Foodbook.Tests.ShoppingListServiceTests" name="GenerateSmartShoppingListAsync_ShouldConvertUnitsCorrectly" />
    </UnitTest>
    <UnitTest name="Foodbook.Tests.ShoppingListServiceTests.GenerateSmartShoppingListAsync_ShouldPrioritizeIngredientsCorrectly" storage="d:\foodbook_prn212_group4_fa25\foodbook.tests\bin\release\net9.0\foodbook.tests.dll" id="ce4c0d35-a00e-01fc-f031-9f02e4c381e2">
      <Execution id="d9f5c927-6e8f-43f8-b80b-d350286525e4" />
      <TestMethod codeBase="D:\FoodBook_PRN212_Group4_Fa25\Foodbook.Tests\bin\Release\net9.0\Foodbook.Tests.dll" adapterTypeName="executor://xunit/VsTestRunner2/netcoreapp" className="Foodbook.Tests.ShoppingListServiceTests" name="GenerateSmartShoppingListAsync_ShouldPrioritizeIngredientsCorrectly" />
    </UnitTest>
    <UnitTest name="Foodbook.Tests.NutritionServiceTests.GenerateHealthFeedbackAsync_ShouldHandleExceptionAndFallback" storage="d:\foodbook_prn212_group4_fa25\foodbook.tests\bin\release\net9.0\foodbook.tests.dll" id="0e06cbe5-d3bc-70f8-7494-8f3dda2e3757">
      <Execution id="ce973a56-b84d-429b-aba5-485d70ea059c" />
      <TestMethod codeBase="D:\FoodBook_PRN212_Group4_Fa25\Foodbook.Tests\bin\Release\net9.0\Foodbook.Tests.dll" adapterTypeName="executor://xunit/VsTestRunner2/netcoreapp" className="Foodbook.Tests.NutritionServiceTests" name="GenerateHealthFeedbackAsync_ShouldHandleExceptionAndFallback" />
    </UnitTest>
    <UnitTest name="Foodbook.Tests.NutritionServiceTests.GetHealthAlertsAsync_ShouldReturnAlerts_ForHighSodium" storage="d:\foodbook_prn212_group4_fa25\foodbook.tests\bin\release\net9.0\foodbook.tests.dll" id="a7936904-3df9-9aa1-1705-72930af91417">
      <Execution id="1169fc91-9287-43aa-b44a-cf0d3d33bf50" />
      <TestMethod codeBase="D:\FoodBook_PRN212_Group4_Fa25\Foodbook.Tests\bin\Release\net9.0\Foodbook.Tests.dll" adapterTypeName="executor://xunit/VsTestRunner2/netcoreapp" className="Foodbook.Tests.NutritionServiceTests" name="GetHealthAlertsAsync_ShouldReturnAlerts_ForHighSodium" />
    </UnitTest>
    <UnitTest name="Foodbook.Tests.RecipeServiceTests.GetRecipeByIdAsync_LoadsImage_WhenMissing" storage="d:\foodbook_prn212_group4_fa25\foodbook.tests\bin\release\net9.0\foodbook.tests.dll" id="f8d47b6f-e58a-3231-2cc8-6a1e8ccf7039">
      <Execution id="d5ae7912-b351-4668-aaa9-278f0f126025" />
      <TestMethod codeBase="D:\FoodBook_PRN212_Group4_Fa25\Foodbook.Tests\bin\Release\net9.0\Foodbook.Tests.dll" adapterTypeName="executor://xunit/VsTestRunner2/netcoreapp" className="Foodbook.Tests.RecipeServiceTests" name="GetRecipeByIdAsync_LoadsImage_WhenMissing" />
    </UnitTest>
    <UnitTest name="Foodbook.Tests.RecipeServiceTests.GetAverageRatingAsync_ReturnsAverage_WhenRatingsExist" storage="d:\foodbook_prn212_group4_fa25\foodbook.tests\bin\release\net9.0\foodbook.tests.dll" id="814fd2e1-d26a-aa78-c71d-167753cd7f8e">
      <Execution id="152a2c26-c74a-4688-ac00-d5ea78b515a6" />
      <TestMethod codeBase="D:\FoodBook_PRN212_Group4_Fa25\Foodbook.Tests\bin\Release\net9.0\Foodbook.Tests.dll" adapterTypeName="executor://xunit/VsTestRunner2/netcoreapp" className="Foodbook.Tests.RecipeServiceTests" name="GetAverageRatingAsync_ReturnsAverage_WhenRatingsExist" />
    </UnitTest>
    <UnitTest name="Foodbook.Tests.RecipeServiceTests.UpdateRecipeAsync_UpdatesTimestamp_AndPersistsChanges" storage="d:\foodbook_prn212_group4_fa25\foodbook.tests\bin\release\net9.0\foodbook.tests.dll" id="1a166364-0c38-b937-11a5-0e2632277a58">
      <Execution id="bc5fd1b3-7845-400e-86ee-1b37e3afed02" />
      <TestMethod codeBase="D:\FoodBook_PRN212_Group4_Fa25\Foodbook.Tests\bin\Release\net9.0\Foodbook.Tests.dll" adapterTypeName="executor://xunit/VsTestRunner2/netcoreapp" className="Foodbook.Tests.RecipeServiceTests" name="UpdateRecipeAsync_UpdatesTimestamp_AndPersistsChanges" />
    </UnitTest>
    <UnitTest name="Foodbook.Tests.NutritionServiceTests.AnalyzeCustomRecipeAsync_ShouldReturnNutrition_WhenValidRecipeText" storage="d:\foodbook_prn212_group4_fa25\foodbook.tests\bin\release\net9.0\foodbook.tests.dll" id="a567f8ea-cefe-fc0a-7420-0bcc87e04226">
      <Execution id="904d441b-495d-4de6-9832-542ba629f36a" />
      <TestMethod codeBase="D:\FoodBook_PRN212_Group4_Fa25\Foodbook.Tests\bin\Release\net9.0\Foodbook.Tests.dll" adapterTypeName="executor://xunit/VsTestRunner2/netcoreapp" className="Foodbook.Tests.NutritionServiceTests" name="AnalyzeCustomRecipeAsync_ShouldReturnNutrition_WhenValidRecipeText" />
    </UnitTest>
    <UnitTest name="Foodbook.Tests.NutritionServiceTests.CalculateIngredientNutrition_ShouldCalculateVitaminsCorrectly" storage="d:\foodbook_prn212_group4_fa25\foodbook.tests\bin\release\net9.0\foodbook.tests.dll" id="7c26a42c-72cc-f9c0-73d5-07145d0962ea">
      <Execution id="ce405a46-2f1f-4444-ba1d-7c331b4d1d5f" />
      <TestMethod codeBase="D:\FoodBook_PRN212_Group4_Fa25\Foodbook.Tests\bin\Release\net9.0\Foodbook.Tests.dll" adapterTypeName="executor://xunit/VsTestRunner2/netcoreapp" className="Foodbook.Tests.NutritionServiceTests" name="CalculateIngredientNutrition_ShouldCalculateVitaminsCorrectly" />
    </UnitTest>
    <UnitTest name="Foodbook.Tests.RecipeServiceTests.GetAllRecipesAsync_LoadsMissingImages" storage="d:\foodbook_prn212_group4_fa25\foodbook.tests\bin\release\net9.0\foodbook.tests.dll" id="610b4c65-6ab8-b2f8-124a-50da4e7868e3">
      <Execution id="fbcedd92-513d-4190-a03a-f40601caf911" />
      <TestMethod codeBase="D:\FoodBook_PRN212_Group4_Fa25\Foodbook.Tests\bin\Release\net9.0\Foodbook.Tests.dll" adapterTypeName="executor://xunit/VsTestRunner2/netcoreapp" className="Foodbook.Tests.RecipeServiceTests" name="GetAllRecipesAsync_LoadsMissingImages" />
    </UnitTest>
    <UnitTest name="Foodbook.Tests.RecipeServiceTests.AdjustServingsAsync_Throws_WhenRecipeNotFound" storage="d:\foodbook_prn212_group4_fa25\foodbook.tests\bin\release\net9.0\foodbook.tests.dll" id="7d4de1c1-914c-bf5d-1df5-a435795c1703">
      <Execution id="b15699e8-cc07-414a-9f83-4a58eaf10740" />
      <TestMethod codeBase="D:\FoodBook_PRN212_Group4_Fa25\Foodbook.Tests\bin\Release\net9.0\Foodbook.Tests.dll" adapterTypeName="executor://xunit/VsTestRunner2/netcoreapp" className="Foodbook.Tests.RecipeServiceTests" name="AdjustServingsAsync_Throws_WhenRecipeNotFound" />
    </UnitTest>
    <UnitTest name="Foodbook.Tests.NutritionServiceTests.AnalyzeUnstructuredRecipeAsync_ShouldHandleEggAndFishForVitaminD" storage="d:\foodbook_prn212_group4_fa25\foodbook.tests\bin\release\net9.0\foodbook.tests.dll" id="b4cc7dfe-df6d-40dc-856c-d410e483ea55">
      <Execution id="b7c0fc81-b72b-438f-a20a-02d562b46d26" />
      <TestMethod codeBase="D:\FoodBook_PRN212_Group4_Fa25\Foodbook.Tests\bin\Release\net9.0\Foodbook.Tests.dll" adapterTypeName="executor://xunit/VsTestRunner2/netcoreapp" className="Foodbook.Tests.NutritionServiceTests" name="AnalyzeUnstructuredRecipeAsync_ShouldHandleEggAndFishForVitaminD" />
    </UnitTest>
    <UnitTest name="Foodbook.Tests.ShoppingListServiceTests.GenerateSmartShoppingListAsync_ShouldGenerateShoppingList_WithValidRecipes" storage="d:\foodbook_prn212_group4_fa25\foodbook.tests\bin\release\net9.0\foodbook.tests.dll" id="41bd2151-b7b6-45a7-2e4e-4ae7b62caa92">
      <Execution id="eb6735ce-293c-4bdf-886e-018d20b45613" />
      <TestMethod codeBase="D:\FoodBook_PRN212_Group4_Fa25\Foodbook.Tests\bin\Release\net9.0\Foodbook.Tests.dll" adapterTypeName="executor://xunit/VsTestRunner2/netcoreapp" className="Foodbook.Tests.ShoppingListServiceTests" name="GenerateSmartShoppingListAsync_ShouldGenerateShoppingList_WithValidRecipes" />
    </UnitTest>
    <UnitTest name="Foodbook.Tests.ShoppingListServiceTests.GenerateSmartShoppingListAsync_ShouldReturnEmptyResult_WhenNoRecipes" storage="d:\foodbook_prn212_group4_fa25\foodbook.tests\bin\release\net9.0\foodbook.tests.dll" id="04eb9aee-3f9f-8f55-102d-a31768c0c644">
      <Execution id="d1063855-95b0-4f35-94fa-2ac5b5779ae5" />
      <TestMethod codeBase="D:\FoodBook_PRN212_Group4_Fa25\Foodbook.Tests\bin\Release\net9.0\Foodbook.Tests.dll" adapterTypeName="executor://xunit/VsTestRunner2/netcoreapp" className="Foodbook.Tests.ShoppingListServiceTests" name="GenerateSmartShoppingListAsync_ShouldReturnEmptyResult_WhenNoRecipes" />
    </UnitTest>
    <UnitTest name="Foodbook.Tests.ShoppingListServiceTests.GenerateSmartShoppingListAsync_ShouldHandleUserStock" storage="d:\foodbook_prn212_group4_fa25\foodbook.tests\bin\release\net9.0\foodbook.tests.dll" id="8717e5ce-4565-2cf0-e6b1-f8c224619e8a">
      <Execution id="d77b2d03-3dcf-4dec-ab66-fdfc039217f9" />
      <TestMethod codeBase="D:\FoodBook_PRN212_Group4_Fa25\Foodbook.Tests\bin\Release\net9.0\Foodbook.Tests.dll" adapterTypeName="executor://xunit/VsTestRunner2/netcoreapp" className="Foodbook.Tests.ShoppingListServiceTests" name="GenerateSmartShoppingListAsync_ShouldHandleUserStock" />
    </UnitTest>
    <UnitTest name="Foodbook.Tests.RecipeServiceTests.AdjustServingsAsync_AdjustsQuantities_AndUpdatesServings" storage="d:\foodbook_prn212_group4_fa25\foodbook.tests\bin\release\net9.0\foodbook.tests.dll" id="8d4ac3ad-d479-7754-c20d-c9eb19ee8edd">
      <Execution id="9e515109-5822-4f7f-b9d4-b8dfb9fb33e4" />
      <TestMethod codeBase="D:\FoodBook_PRN212_Group4_Fa25\Foodbook.Tests\bin\Release\net9.0\Foodbook.Tests.dll" adapterTypeName="executor://xunit/VsTestRunner2/netcoreapp" className="Foodbook.Tests.RecipeServiceTests" name="AdjustServingsAsync_AdjustsQuantities_AndUpdatesServings" />
    </UnitTest>
    <UnitTest name="Foodbook.Tests.ShoppingListServiceTests.ExportShoppingListToNotesAsync_ShouldExportSuccessfully" storage="d:\foodbook_prn212_group4_fa25\foodbook.tests\bin\release\net9.0\foodbook.tests.dll" id="b47c5132-46aa-c605-979b-3a501d73070c">
      <Execution id="1f900e5e-2ecd-4455-81fa-085db938e7ce" />
      <TestMethod codeBase="D:\FoodBook_PRN212_Group4_Fa25\Foodbook.Tests\bin\Release\net9.0\Foodbook.Tests.dll" adapterTypeName="executor://xunit/VsTestRunner2/netcoreapp" className="Foodbook.Tests.ShoppingListServiceTests" name="ExportShoppingListToNotesAsync_ShouldExportSuccessfully" />
    </UnitTest>
    <UnitTest name="Foodbook.Tests.ShoppingListServiceTests.GenerateShoppingListFromIngredientsAsync_ShouldCreateList_FromIngredientNames" storage="d:\foodbook_prn212_group4_fa25\foodbook.tests\bin\release\net9.0\foodbook.tests.dll" id="6e79090e-a230-29a3-6ccc-77ff42db4b4c">
      <Execution id="916b1653-534d-4cbb-9693-5434a2ff9be3" />
      <TestMethod codeBase="D:\FoodBook_PRN212_Group4_Fa25\Foodbook.Tests\bin\Release\net9.0\Foodbook.Tests.dll" adapterTypeName="executor://xunit/VsTestRunner2/netcoreapp" className="Foodbook.Tests.ShoppingListServiceTests" name="GenerateShoppingListFromIngredientsAsync_ShouldCreateList_FromIngredientNames" />
    </UnitTest>
    <UnitTest name="Foodbook.Tests.NutritionServiceTests.AnalyzeUnstructuredRecipeAsync_ShouldHandleSoySauce" storage="d:\foodbook_prn212_group4_fa25\foodbook.tests\bin\release\net9.0\foodbook.tests.dll" id="b936b5c5-cc20-c562-8d25-c1e689c4e118">
      <Execution id="738ad217-0e73-4763-969d-d6e96857f35e" />
      <TestMethod codeBase="D:\FoodBook_PRN212_Group4_Fa25\Foodbook.Tests\bin\Release\net9.0\Foodbook.Tests.dll" adapterTypeName="executor://xunit/VsTestRunner2/netcoreapp" className="Foodbook.Tests.NutritionServiceTests" name="AnalyzeUnstructuredRecipeAsync_ShouldHandleSoySauce" />
    </UnitTest>
    <UnitTest name="Foodbook.Tests.RecipeServiceTests.GetRecipeByIdAsync_ReturnsNull_WhenNotFound" storage="d:\foodbook_prn212_group4_fa25\foodbook.tests\bin\release\net9.0\foodbook.tests.dll" id="064a8e25-bfc5-ff8c-0e8a-eec71b6db054">
      <Execution id="ac6ff998-571f-4937-bd61-962e45288107" />
      <TestMethod codeBase="D:\FoodBook_PRN212_Group4_Fa25\Foodbook.Tests\bin\Release\net9.0\Foodbook.Tests.dll" adapterTypeName="executor://xunit/VsTestRunner2/netcoreapp" className="Foodbook.Tests.RecipeServiceTests" name="GetRecipeByIdAsync_ReturnsNull_WhenNotFound" />
    </UnitTest>
    <UnitTest name="Foodbook.Tests.ShoppingListServiceTests.GenerateRandomShoppingListFromDatabaseAsync_ShouldCreateList_FromUserIngredients" storage="d:\foodbook_prn212_group4_fa25\foodbook.tests\bin\release\net9.0\foodbook.tests.dll" id="e577b646-84cd-f02b-aa19-ebea928ec7b9">
      <Execution id="2f8d107f-7613-4798-9ec1-b1b52e283915" />
      <TestMethod codeBase="D:\FoodBook_PRN212_Group4_Fa25\Foodbook.Tests\bin\Release\net9.0\Foodbook.Tests.dll" adapterTypeName="executor://xunit/VsTestRunner2/netcoreapp" className="Foodbook.Tests.ShoppingListServiceTests" name="GenerateRandomShoppingListFromDatabaseAsync_ShouldCreateList_FromUserIngredients" />
    </UnitTest>
    <UnitTest name="Foodbook.Tests.ShoppingListServiceTests.GenerateShoppingListFromIngredientsAsync_ShouldCategorizeIngredientsCorrectly" storage="d:\foodbook_prn212_group4_fa25\foodbook.tests\bin\release\net9.0\foodbook.tests.dll" id="31cbb51e-de6d-3ab4-464e-c199aa84dd4c">
      <Execution id="c91c4b6c-b772-4a78-8c32-a78b96e0cd99" />
      <TestMethod codeBase="D:\FoodBook_PRN212_Group4_Fa25\Foodbook.Tests\bin\Release\net9.0\Foodbook.Tests.dll" adapterTypeName="executor://xunit/VsTestRunner2/netcoreapp" className="Foodbook.Tests.ShoppingListServiceTests" name="GenerateShoppingListFromIngredientsAsync_ShouldCategorizeIngredientsCorrectly" />
    </UnitTest>
    <UnitTest name="Foodbook.Tests.NutritionServiceTests.ParseIngredientsWithAIAsync_ShouldHandleExceptionAndFallback" storage="d:\foodbook_prn212_group4_fa25\foodbook.tests\bin\release\net9.0\foodbook.tests.dll" id="6e57c063-0c75-dd94-87be-792fa4aecd84">
      <Execution id="9670c40d-8eb5-4d3d-bc35-648401ce44d5" />
      <TestMethod codeBase="D:\FoodBook_PRN212_Group4_Fa25\Foodbook.Tests\bin\Release\net9.0\Foodbook.Tests.dll" adapterTypeName="executor://xunit/VsTestRunner2/netcoreapp" className="Foodbook.Tests.NutritionServiceTests" name="ParseIngredientsWithAIAsync_ShouldHandleExceptionAndFallback" />
    </UnitTest>
    <UnitTest name="Foodbook.Tests.NutritionServiceTests.CompareNutritionAsync_ShouldCompareTwoRecipes" storage="d:\foodbook_prn212_group4_fa25\foodbook.tests\bin\release\net9.0\foodbook.tests.dll" id="c3feb61d-077d-b3e8-f809-99ae94269e1d">
      <Execution id="a940d436-0692-40ef-991e-dd702af8e44c" />
      <TestMethod codeBase="D:\FoodBook_PRN212_Group4_Fa25\Foodbook.Tests\bin\Release\net9.0\Foodbook.Tests.dll" adapterTypeName="executor://xunit/VsTestRunner2/netcoreapp" className="Foodbook.Tests.NutritionServiceTests" name="CompareNutritionAsync_ShouldCompareTwoRecipes" />
    </UnitTest>
    <UnitTest name="Foodbook.Tests.NutritionServiceTests.AnalyzeUnstructuredRecipeAsync_ShouldReturnNutrition_ForValidText" storage="d:\foodbook_prn212_group4_fa25\foodbook.tests\bin\release\net9.0\foodbook.tests.dll" id="17482bb7-318d-2d7f-4fe4-855fd1d361ec">
      <Execution id="5cd05482-7f61-4d23-b8c0-d97c84b915fa" />
      <TestMethod codeBase="D:\FoodBook_PRN212_Group4_Fa25\Foodbook.Tests\bin\Release\net9.0\Foodbook.Tests.dll" adapterTypeName="executor://xunit/VsTestRunner2/netcoreapp" className="Foodbook.Tests.NutritionServiceTests" name="AnalyzeUnstructuredRecipeAsync_ShouldReturnNutrition_ForValidText" />
    </UnitTest>
    <UnitTest name="Foodbook.Tests.ShoppingListServiceTests.GetShoppingCategoriesAsync_ShouldReturnAllCategories" storage="d:\foodbook_prn212_group4_fa25\foodbook.tests\bin\release\net9.0\foodbook.tests.dll" id="e16b1692-49b9-72fe-dac0-07e1b7c109d0">
      <Execution id="1248d6d1-1ab0-448d-b31b-8b1ce3c9e6aa" />
      <TestMethod codeBase="D:\FoodBook_PRN212_Group4_Fa25\Foodbook.Tests\bin\Release\net9.0\Foodbook.Tests.dll" adapterTypeName="executor://xunit/VsTestRunner2/netcoreapp" className="Foodbook.Tests.ShoppingListServiceTests" name="GetShoppingCategoriesAsync_ShouldReturnAllCategories" />
    </UnitTest>
    <UnitTest name="Foodbook.Tests.RecipeServiceTests.GetAverageRatingAsync_ReturnsZero_WhenNoRatings" storage="d:\foodbook_prn212_group4_fa25\foodbook.tests\bin\release\net9.0\foodbook.tests.dll" id="b2fd1501-e5e5-d8fc-9e46-14f15ba6bf29">
      <Execution id="240c172a-6da7-4644-b136-be783df10fb2" />
      <TestMethod codeBase="D:\FoodBook_PRN212_Group4_Fa25\Foodbook.Tests\bin\Release\net9.0\Foodbook.Tests.dll" adapterTypeName="executor://xunit/VsTestRunner2/netcoreapp" className="Foodbook.Tests.RecipeServiceTests" name="GetAverageRatingAsync_ReturnsZero_WhenNoRatings" />
    </UnitTest>
    <UnitTest name="Foodbook.Tests.NutritionServiceTests.GetNutritionRecommendationsAsync_ShouldReturnRecommendations_ForWeightLoss" storage="d:\foodbook_prn212_group4_fa25\foodbook.tests\bin\release\net9.0\foodbook.tests.dll" id="4379e231-5e0c-5160-227d-31868f316df3">
      <Execution id="f26b6c42-4ab6-46e2-bb95-f76997c77d38" />
      <TestMethod codeBase="D:\FoodBook_PRN212_Group4_Fa25\Foodbook.Tests\bin\Release\net9.0\Foodbook.Tests.dll" adapterTypeName="executor://xunit/VsTestRunner2/netcoreapp" className="Foodbook.Tests.NutritionServiceTests" name="GetNutritionRecommendationsAsync_ShouldReturnRecommendations_ForWeightLoss" />
    </UnitTest>
    <UnitTest name="Foodbook.Tests.NutritionServiceTests.GenerateHealthFeedbackAsync_ShouldReturnFeedback_WhenValidNutrition" storage="d:\foodbook_prn212_group4_fa25\foodbook.tests\bin\release\net9.0\foodbook.tests.dll" id="87fc945a-34ec-8647-85f3-c69aa5660d99">
      <Execution id="508e097d-0d6d-44c9-ae4d-9eabccc9a8ad" />
      <TestMethod codeBase="D:\FoodBook_PRN212_Group4_Fa25\Foodbook.Tests\bin\Release\net9.0\Foodbook.Tests.dll" adapterTypeName="executor://xunit/VsTestRunner2/netcoreapp" className="Foodbook.Tests.NutritionServiceTests" name="GenerateHealthFeedbackAsync_ShouldReturnFeedback_WhenValidNutrition" />
    </UnitTest>
    <UnitTest name="Foodbook.Tests.NutritionServiceTests.AnalyzeUnstructuredRecipeAsync_ShouldHandleOilAndNutsForVitaminE" storage="d:\foodbook_prn212_group4_fa25\foodbook.tests\bin\release\net9.0\foodbook.tests.dll" id="9ab90ac5-5956-8664-908f-38801e20b2db">
      <Execution id="687d0345-b350-47d2-8805-d5a6736ae6cf" />
      <TestMethod codeBase="D:\FoodBook_PRN212_Group4_Fa25\Foodbook.Tests\bin\Release\net9.0\Foodbook.Tests.dll" adapterTypeName="executor://xunit/VsTestRunner2/netcoreapp" className="Foodbook.Tests.NutritionServiceTests" name="AnalyzeUnstructuredRecipeAsync_ShouldHandleOilAndNutsForVitaminE" />
    </UnitTest>
    <UnitTest name="Foodbook.Tests.ShoppingListServiceTests.OptimizeShoppingListAsync_ShouldHandleEmptyList" storage="d:\foodbook_prn212_group4_fa25\foodbook.tests\bin\release\net9.0\foodbook.tests.dll" id="a955d89b-c4c4-f6a1-6664-13ef55ce9158">
      <Execution id="84819fce-eda4-4564-bb12-f943fa371604" />
      <TestMethod codeBase="D:\FoodBook_PRN212_Group4_Fa25\Foodbook.Tests\bin\Release\net9.0\Foodbook.Tests.dll" adapterTypeName="executor://xunit/VsTestRunner2/netcoreapp" className="Foodbook.Tests.ShoppingListServiceTests" name="OptimizeShoppingListAsync_ShouldHandleEmptyList" />
    </UnitTest>
    <UnitTest name="Foodbook.Tests.ShoppingListServiceTests.GenerateSmartShoppingListAsync_ShouldHandleAIIntegration" storage="d:\foodbook_prn212_group4_fa25\foodbook.tests\bin\release\net9.0\foodbook.tests.dll" id="fe9224f0-4bc3-f09d-958c-bae7ec3c081b">
      <Execution id="b8d32201-514b-4b65-80eb-66683d42446b" />
      <TestMethod codeBase="D:\FoodBook_PRN212_Group4_Fa25\Foodbook.Tests\bin\Release\net9.0\Foodbook.Tests.dll" adapterTypeName="executor://xunit/VsTestRunner2/netcoreapp" className="Foodbook.Tests.ShoppingListServiceTests" name="GenerateSmartShoppingListAsync_ShouldHandleAIIntegration" />
    </UnitTest>
    <UnitTest name="Foodbook.Tests.NutritionServiceTests.AnalyzeUnstructuredRecipeAsync_ShouldHandleFallbackWhenNoIngredientsDetected" storage="d:\foodbook_prn212_group4_fa25\foodbook.tests\bin\release\net9.0\foodbook.tests.dll" id="ff87b2a7-fbd9-ad02-551d-a0f81724a643">
      <Execution id="ba8fcdcd-55f6-4b47-84a1-87597c658135" />
      <TestMethod codeBase="D:\FoodBook_PRN212_Group4_Fa25\Foodbook.Tests\bin\Release\net9.0\Foodbook.Tests.dll" adapterTypeName="executor://xunit/VsTestRunner2/netcoreapp" className="Foodbook.Tests.NutritionServiceTests" name="AnalyzeUnstructuredRecipeAsync_ShouldHandleFallbackWhenNoIngredientsDetected" />
    </UnitTest>
    <UnitTest name="Foodbook.Tests.RecipeServiceTests.DeleteRecipeAsync_ReturnsFalse_WhenNotFound" storage="d:\foodbook_prn212_group4_fa25\foodbook.tests\bin\release\net9.0\foodbook.tests.dll" id="83708683-1799-10a5-dfad-c4bfa7c31524">
      <Execution id="d120cc9a-4256-48a7-a768-da0a4e8f8b59" />
      <TestMethod codeBase="D:\FoodBook_PRN212_Group4_Fa25\Foodbook.Tests\bin\Release\net9.0\Foodbook.Tests.dll" adapterTypeName="executor://xunit/VsTestRunner2/netcoreapp" className="Foodbook.Tests.RecipeServiceTests" name="DeleteRecipeAsync_ReturnsFalse_WhenNotFound" />
    </UnitTest>
    <UnitTest name="Foodbook.Tests.ShoppingListServiceTests.GenerateShoppingListFromMealPlanAsync_ShouldCreateList_FromMealPlanItems" storage="d:\foodbook_prn212_group4_fa25\foodbook.tests\bin\release\net9.0\foodbook.tests.dll" id="2f29e08b-23ee-5c70-75a2-7550f3c01d73">
      <Execution id="9e5b8b7e-5320-4dde-936a-b6b65fe5455d" />
      <TestMethod codeBase="D:\FoodBook_PRN212_Group4_Fa25\Foodbook.Tests\bin\Release\net9.0\Foodbook.Tests.dll" adapterTypeName="executor://xunit/VsTestRunner2/netcoreapp" className="Foodbook.Tests.ShoppingListServiceTests" name="GenerateShoppingListFromMealPlanAsync_ShouldCreateList_FromMealPlanItems" />
    </UnitTest>
    <UnitTest name="Foodbook.Tests.RecipeServiceTests.CreateRecipeAsync_SetsTimestamps_AndPersists" storage="d:\foodbook_prn212_group4_fa25\foodbook.tests\bin\release\net9.0\foodbook.tests.dll" id="296950b2-47cc-e785-5b1b-a17fac7f549e">
      <Execution id="71d97bbb-3b91-4911-bf21-472cd21c82c6" />
      <TestMethod codeBase="D:\FoodBook_PRN212_Group4_Fa25\Foodbook.Tests\bin\Release\net9.0\Foodbook.Tests.dll" adapterTypeName="executor://xunit/VsTestRunner2/netcoreapp" className="Foodbook.Tests.RecipeServiceTests" name="CreateRecipeAsync_SetsTimestamps_AndPersists" />
    </UnitTest>
    <UnitTest name="Foodbook.Tests.ShoppingListServiceTests.GenerateSmartShoppingListAsync_ShouldHandleMultipleRecipes_WithSharedIngredients" storage="d:\foodbook_prn212_group4_fa25\foodbook.tests\bin\release\net9.0\foodbook.tests.dll" id="eaa0ae55-b53e-5d66-146e-5a30ad33fe90">
      <Execution id="9d88ab57-50bf-4afb-bb29-72917268fad1" />
      <TestMethod codeBase="D:\FoodBook_PRN212_Group4_Fa25\Foodbook.Tests\bin\Release\net9.0\Foodbook.Tests.dll" adapterTypeName="executor://xunit/VsTestRunner2/netcoreapp" className="Foodbook.Tests.ShoppingListServiceTests" name="GenerateSmartShoppingListAsync_ShouldHandleMultipleRecipes_WithSharedIngredients" />
    </UnitTest>
    <UnitTest name="Foodbook.Tests.NutritionServiceTests.AnalyzeMealPlanNutritionAsync_ShouldAggregateNutrition_FromMultipleRecipes" storage="d:\foodbook_prn212_group4_fa25\foodbook.tests\bin\release\net9.0\foodbook.tests.dll" id="2eef31ac-e058-25ee-94f7-284cd550818e">
      <Execution id="0e927f26-1e03-40d7-b502-ce92e971e454" />
      <TestMethod codeBase="D:\FoodBook_PRN212_Group4_Fa25\Foodbook.Tests\bin\Release\net9.0\Foodbook.Tests.dll" adapterTypeName="executor://xunit/VsTestRunner2/netcoreapp" className="Foodbook.Tests.NutritionServiceTests" name="AnalyzeMealPlanNutritionAsync_ShouldAggregateNutrition_FromMultipleRecipes" />
    </UnitTest>
    <UnitTest name="Foodbook.Tests.ShoppingListServiceTests.GenerateRandomShoppingListFromDatabaseAsync_ShouldHandleEmptyIngredientsGracefully" storage="d:\foodbook_prn212_group4_fa25\foodbook.tests\bin\release\net9.0\foodbook.tests.dll" id="246eeb8a-88ae-217f-6183-14a2cb9cfa4c">
      <Execution id="f17e651c-a4c3-4298-abfe-de765ff11b3e" />
      <TestMethod codeBase="D:\FoodBook_PRN212_Group4_Fa25\Foodbook.Tests\bin\Release\net9.0\Foodbook.Tests.dll" adapterTypeName="executor://xunit/VsTestRunner2/netcoreapp" className="Foodbook.Tests.ShoppingListServiceTests" name="GenerateRandomShoppingListFromDatabaseAsync_ShouldHandleEmptyIngredientsGracefully" />
    </UnitTest>
    <UnitTest name="Foodbook.Tests.NutritionServiceTests.GetNutritionRecommendationsAsync_ShouldReturnRecommendations_ForHeartHealth" storage="d:\foodbook_prn212_group4_fa25\foodbook.tests\bin\release\net9.0\foodbook.tests.dll" id="827a1031-3914-644d-5eeb-5dab8dec6d80">
      <Execution id="78843778-05df-44b7-9a4a-c9fb869b1e7f" />
      <TestMethod codeBase="D:\FoodBook_PRN212_Group4_Fa25\Foodbook.Tests\bin\Release\net9.0\Foodbook.Tests.dll" adapterTypeName="executor://xunit/VsTestRunner2/netcoreapp" className="Foodbook.Tests.NutritionServiceTests" name="GetNutritionRecommendationsAsync_ShouldReturnRecommendations_ForHeartHealth" />
    </UnitTest>
  </TestDefinitions>
  <TestEntries>
    <TestEntry testId="610b4c65-6ab8-b2f8-124a-50da4e7868e3" executionId="fbcedd92-513d-4190-a03a-f40601caf911" testListId="8c84fa94-04c1-424b-9868-57a2d4851a1d" />
    <TestEntry testId="78347e87-05b2-f459-8f0a-669806eeca10" executionId="475619a1-f1d9-4ccc-9297-ff65cc133509" testListId="8c84fa94-04c1-424b-9868-57a2d4851a1d" />
    <TestEntry testId="c305f16c-ed83-9d1f-c555-ad51bc115069" executionId="349b3824-ad9a-4eed-a60a-f798010e1dde" testListId="8c84fa94-04c1-424b-9868-57a2d4851a1d" />
    <TestEntry testId="9f96b62c-1e43-8644-7897-c54479c6759f" executionId="74129b48-c425-48e8-9900-a2f5313c81a2" testListId="8c84fa94-04c1-424b-9868-57a2d4851a1d" />
    <TestEntry testId="b4cc7dfe-df6d-40dc-856c-d410e483ea55" executionId="b7c0fc81-b72b-438f-a20a-02d562b46d26" testListId="8c84fa94-04c1-424b-9868-57a2d4851a1d" />
    <TestEntry testId="ce06847b-93d6-c6d3-14a3-0d050a73717e" executionId="42772b4b-4ac4-4325-ade9-59b1db6c5773" testListId="8c84fa94-04c1-424b-9868-57a2d4851a1d" />
    <TestEntry testId="246eeb8a-88ae-217f-6183-14a2cb9cfa4c" executionId="f17e651c-a4c3-4298-abfe-de765ff11b3e" testListId="8c84fa94-04c1-424b-9868-57a2d4851a1d" />
    <TestEntry testId="286e20bf-683e-8033-83fc-c7bc7184a402" executionId="c69faaf3-cc80-4b78-b888-96f111c4d7b1" testListId="8c84fa94-04c1-424b-9868-57a2d4851a1d" />
    <TestEntry testId="ce4c0d35-a00e-01fc-f031-9f02e4c381e2" executionId="d9f5c927-6e8f-43f8-b80b-d350286525e4" testListId="8c84fa94-04c1-424b-9868-57a2d4851a1d" />
    <TestEntry testId="e16b1692-49b9-72fe-dac0-07e1b7c109d0" executionId="1248d6d1-1ab0-448d-b31b-8b1ce3c9e6aa" testListId="8c84fa94-04c1-424b-9868-57a2d4851a1d" />
    <TestEntry testId="d5d4d890-1e4e-37ce-28e2-55c9e5cbbdbc" executionId="72664987-25b4-4f64-8de6-a893b7a77b8d" testListId="8c84fa94-04c1-424b-9868-57a2d4851a1d" />
    <TestEntry testId="cae87bd0-35da-12ca-d456-a5fed96e125a" executionId="bf94e004-dbb6-4c86-8657-2cc78d0f6aa7" testListId="8c84fa94-04c1-424b-9868-57a2d4851a1d" />
    <TestEntry testId="87fc945a-34ec-8647-85f3-c69aa5660d99" executionId="508e097d-0d6d-44c9-ae4d-9eabccc9a8ad" testListId="8c84fa94-04c1-424b-9868-57a2d4851a1d" />
    <TestEntry testId="2149d2df-1d48-3efd-8d70-8e50924a4121" executionId="be2ddca2-be55-488c-9fba-895fcaa2ddfb" testListId="8c84fa94-04c1-424b-9868-57a2d4851a1d" />
    <TestEntry testId="f12670b3-a159-bcc5-2c70-322346e3794c" executionId="84943fa5-236d-4f6e-bd31-c398f13f288e" testListId="8c84fa94-04c1-424b-9868-57a2d4851a1d" />
    <TestEntry testId="ff87b2a7-fbd9-ad02-551d-a0f81724a643" executionId="ba8fcdcd-55f6-4b47-84a1-87597c658135" testListId="8c84fa94-04c1-424b-9868-57a2d4851a1d" />
    <TestEntry testId="1a166364-0c38-b937-11a5-0e2632277a58" executionId="bc5fd1b3-7845-400e-86ee-1b37e3afed02" testListId="8c84fa94-04c1-424b-9868-57a2d4851a1d" />
    <TestEntry testId="814fd2e1-d26a-aa78-c71d-167753cd7f8e" executionId="152a2c26-c74a-4688-ac00-d5ea78b515a6" testListId="8c84fa94-04c1-424b-9868-57a2d4851a1d" />
    <TestEntry testId="b47c5132-46aa-c605-979b-3a501d73070c" executionId="1f900e5e-2ecd-4455-81fa-085db938e7ce" testListId="8c84fa94-04c1-424b-9868-57a2d4851a1d" />
    <TestEntry testId="8717e5ce-4565-2cf0-e6b1-f8c224619e8a" executionId="d77b2d03-3dcf-4dec-ab66-fdfc039217f9" testListId="8c84fa94-04c1-424b-9868-57a2d4851a1d" />
    <TestEntry testId="a567f8ea-cefe-fc0a-7420-0bcc87e04226" executionId="904d441b-495d-4de6-9832-542ba629f36a" testListId="8c84fa94-04c1-424b-9868-57a2d4851a1d" />
    <TestEntry testId="17482bb7-318d-2d7f-4fe4-855fd1d361ec" executionId="5cd05482-7f61-4d23-b8c0-d97c84b915fa" testListId="8c84fa94-04c1-424b-9868-57a2d4851a1d" />
    <TestEntry testId="7d4de1c1-914c-bf5d-1df5-a435795c1703" executionId="b15699e8-cc07-414a-9f83-4a58eaf10740" testListId="8c84fa94-04c1-424b-9868-57a2d4851a1d" />
    <TestEntry testId="a955d89b-c4c4-f6a1-6664-13ef55ce9158" executionId="84819fce-eda4-4564-bb12-f943fa371604" testListId="8c84fa94-04c1-424b-9868-57a2d4851a1d" />
    <TestEntry testId="bd3494bd-350b-d2cf-aa0c-ec15651690d1" executionId="b2568cbd-3b1b-4b0a-b89c-c4d83f8f0700" testListId="8c84fa94-04c1-424b-9868-57a2d4851a1d" />
    <TestEntry testId="c61a8b45-ebb2-92b5-8878-a8673c46e085" executionId="69e9d711-8e68-486b-b950-0c659959b4ef" testListId="8c84fa94-04c1-424b-9868-57a2d4851a1d" />
    <TestEntry testId="296950b2-47cc-e785-5b1b-a17fac7f549e" executionId="71d97bbb-3b91-4911-bf21-472cd21c82c6" testListId="8c84fa94-04c1-424b-9868-57a2d4851a1d" />
    <TestEntry testId="4babf5f3-0c05-52ff-b0cd-2d4de86405ca" executionId="fc19689c-def0-4e1d-8b3e-b7dd3542b47a" testListId="8c84fa94-04c1-424b-9868-57a2d4851a1d" />
    <TestEntry testId="31cbb51e-de6d-3ab4-464e-c199aa84dd4c" executionId="c91c4b6c-b772-4a78-8c32-a78b96e0cd99" testListId="8c84fa94-04c1-424b-9868-57a2d4851a1d" />
    <TestEntry testId="55788d77-0622-6cd5-5099-1c1543666f15" executionId="0c81a49f-29c7-45b4-92a3-af8ccffb59db" testListId="8c84fa94-04c1-424b-9868-57a2d4851a1d" />
    <TestEntry testId="064a8e25-bfc5-ff8c-0e8a-eec71b6db054" executionId="ac6ff998-571f-4937-bd61-962e45288107" testListId="8c84fa94-04c1-424b-9868-57a2d4851a1d" />
    <TestEntry testId="510c5b2d-a2d3-0789-f541-d8d84800d90e" executionId="2b40dfe1-553e-4242-a43a-fcfc045f78a8" testListId="8c84fa94-04c1-424b-9868-57a2d4851a1d" />
    <TestEntry testId="99026d58-fb5e-9da2-10a2-2f96a443b54f" executionId="8d0dcf0a-4b4f-40b6-85da-a066e3de3485" testListId="8c84fa94-04c1-424b-9868-57a2d4851a1d" />
    <TestEntry testId="eaa0ae55-b53e-5d66-146e-5a30ad33fe90" executionId="9d88ab57-50bf-4afb-bb29-72917268fad1" testListId="8c84fa94-04c1-424b-9868-57a2d4851a1d" />
    <TestEntry testId="239862dc-89e6-49cf-d34f-5917a818bdb1" executionId="3e32b8ff-4849-424f-a257-458e92f69d24" testListId="8c84fa94-04c1-424b-9868-57a2d4851a1d" />
    <TestEntry testId="6e79090e-a230-29a3-6ccc-77ff42db4b4c" executionId="916b1653-534d-4cbb-9693-5434a2ff9be3" testListId="8c84fa94-04c1-424b-9868-57a2d4851a1d" />
    <TestEntry testId="7c26a42c-72cc-f9c0-73d5-07145d0962ea" executionId="ce405a46-2f1f-4444-ba1d-7c331b4d1d5f" testListId="8c84fa94-04c1-424b-9868-57a2d4851a1d" />
    <TestEntry testId="04eb9aee-3f9f-8f55-102d-a31768c0c644" executionId="d1063855-95b0-4f35-94fa-2ac5b5779ae5" testListId="8c84fa94-04c1-424b-9868-57a2d4851a1d" />
    <TestEntry testId="6e57c063-0c75-dd94-87be-792fa4aecd84" executionId="9670c40d-8eb5-4d3d-bc35-648401ce44d5" testListId="8c84fa94-04c1-424b-9868-57a2d4851a1d" />
    <TestEntry testId="a7936904-3df9-9aa1-1705-72930af91417" executionId="1169fc91-9287-43aa-b44a-cf0d3d33bf50" testListId="8c84fa94-04c1-424b-9868-57a2d4851a1d" />
    <TestEntry testId="fe9224f0-4bc3-f09d-958c-bae7ec3c081b" executionId="b8d32201-514b-4b65-80eb-66683d42446b" testListId="8c84fa94-04c1-424b-9868-57a2d4851a1d" />
    <TestEntry testId="7603279d-2a18-cf06-ed0f-6b8fe245af60" executionId="eae2a911-6493-4c1f-88c4-92bb36ee4532" testListId="8c84fa94-04c1-424b-9868-57a2d4851a1d" />
    <TestEntry testId="83708683-1799-10a5-dfad-c4bfa7c31524" executionId="d120cc9a-4256-48a7-a768-da0a4e8f8b59" testListId="8c84fa94-04c1-424b-9868-57a2d4851a1d" />
    <TestEntry testId="2f29e08b-23ee-5c70-75a2-7550f3c01d73" executionId="9e5b8b7e-5320-4dde-936a-b6b65fe5455d" testListId="8c84fa94-04c1-424b-9868-57a2d4851a1d" />
    <TestEntry testId="c3feb61d-077d-b3e8-f809-99ae94269e1d" executionId="a940d436-0692-40ef-991e-dd702af8e44c" testListId="8c84fa94-04c1-424b-9868-57a2d4851a1d" />
    <TestEntry testId="e577b646-84cd-f02b-aa19-ebea928ec7b9" executionId="2f8d107f-7613-4798-9ec1-b1b52e283915" testListId="8c84fa94-04c1-424b-9868-57a2d4851a1d" />
    <TestEntry testId="2e07d3ad-28e2-abf4-c616-dc807d74a987" executionId="99a437e1-62d0-4b44-96fe-0e9fc808583a" testListId="8c84fa94-04c1-424b-9868-57a2d4851a1d" />
    <TestEntry testId="827a1031-3914-644d-5eeb-5dab8dec6d80" executionId="78843778-05df-44b7-9a4a-c9fb869b1e7f" testListId="8c84fa94-04c1-424b-9868-57a2d4851a1d" />
    <TestEntry testId="2a54da0a-b7fa-3a84-5644-f639a125252c" executionId="f3ff75ef-5424-4997-b42b-9280f4ff21ee" testListId="8c84fa94-04c1-424b-9868-57a2d4851a1d" />
    <TestEntry testId="f8d47b6f-e58a-3231-2cc8-6a1e8ccf7039" executionId="d5ae7912-b351-4668-aaa9-278f0f126025" testListId="8c84fa94-04c1-424b-9868-57a2d4851a1d" />
    <TestEntry testId="9ab90ac5-5956-8664-908f-38801e20b2db" executionId="687d0345-b350-47d2-8805-d5a6736ae6cf" testListId="8c84fa94-04c1-424b-9868-57a2d4851a1d" />
    <TestEntry testId="2eef31ac-e058-25ee-94f7-284cd550818e" executionId="0e927f26-1e03-40d7-b502-ce92e971e454" testListId="8c84fa94-04c1-424b-9868-57a2d4851a1d" />
    <TestEntry testId="8d4ac3ad-d479-7754-c20d-c9eb19ee8edd" executionId="9e515109-5822-4f7f-b9d4-b8dfb9fb33e4" testListId="8c84fa94-04c1-424b-9868-57a2d4851a1d" />
    <TestEntry testId="b936b5c5-cc20-c562-8d25-c1e689c4e118" executionId="738ad217-0e73-4763-969d-d6e96857f35e" testListId="8c84fa94-04c1-424b-9868-57a2d4851a1d" />
    <TestEntry testId="4379e231-5e0c-5160-227d-31868f316df3" executionId="f26b6c42-4ab6-46e2-bb95-f76997c77d38" testListId="8c84fa94-04c1-424b-9868-57a2d4851a1d" />
    <TestEntry testId="41bd2151-b7b6-45a7-2e4e-4ae7b62caa92" executionId="eb6735ce-293c-4bdf-886e-018d20b45613" testListId="8c84fa94-04c1-424b-9868-57a2d4851a1d" />
    <TestEntry testId="ace56425-4e8b-7a01-51b0-4e2526b6a928" executionId="cb946f9d-6da4-4240-95a9-400be944b5a9" testListId="8c84fa94-04c1-424b-9868-57a2d4851a1d" />
    <TestEntry testId="0e06cbe5-d3bc-70f8-7494-8f3dda2e3757" executionId="ce973a56-b84d-429b-aba5-485d70ea059c" testListId="8c84fa94-04c1-424b-9868-57a2d4851a1d" />
    <TestEntry testId="a2e6f5c1-0373-5012-7833-12ce5fc9607e" executionId="08216caa-4873-41f2-86a1-f8f4f220184e" testListId="8c84fa94-04c1-424b-9868-57a2d4851a1d" />
    <TestEntry testId="b2fd1501-e5e5-d8fc-9e46-14f15ba6bf29" executionId="240c172a-6da7-4644-b136-be783df10fb2" testListId="8c84fa94-04c1-424b-9868-57a2d4851a1d" />
  </TestEntries>
  <TestLists>
    <TestList name="Results Not in a List" id="8c84fa94-04c1-424b-9868-57a2d4851a1d" />
    <TestList name="All Loaded Results" id="19431567-8539-422a-85d7-44ee4e166bda" />
  </TestLists>
  <ResultSummary outcome="Completed">
    <Counters total="60" executed="60" passed="60" failed="0" error="0" timeout="0" aborted="0" inconclusive="0" passedButRunAborted="0" notRunnable="0" notExecuted="0" disconnected="0" warning="0" completed="0" inProgress="0" pending="0" />
    <Output>
      <StdOut>[xUnit.net 00:00:00.00] xUnit.net VSTest Adapter v2.8.2+699d445a1a (64-bit .NET 9.0.8)&#xD;
[xUnit.net 00:00:00.06]   Discovering: Foodbook.Tests&#xD;
[xUnit.net 00:00:00.09]   Discovered:  Foodbook.Tests&#xD;
[xUnit.net 00:00:00.09]   Starting:    Foodbook.Tests&#xD;
? Da t?i ?nh cho: Pho&#xD;
AI Store Suggestions failed: The JSON value could not be converted to System.Collections.Generic.List`1[System.String]. Path: $ | LineNumber: 0 | BytePositionInLine: 1.&#xD;
AI Shopping Tips failed: The JSON value could not be converted to System.Collections.Generic.List`1[System.String]. Path: $ | LineNumber: 0 | BytePositionInLine: 1.&#xD;
? Da t?i ?nh cho: Pasta&#xD;
?? Kh�ng th? t?i ?nh cho Rice Bowl: IUnsplashImageService.SearchFoodImageAsync("Rice Bowl", 800, 600) invocation failed with mock behavior Strict.&#xD;
All invocations on the mock must have a corresponding setup.&#xD;
? Da t?i ?nh cho: Tomato Soup&#xD;
? Da t?i ?nh cho: Dish A&#xD;
AI Store Suggestions failed: The JSON value could not be converted to System.Collections.Generic.List`1[System.String]. Path: $ | LineNumber: 0 | BytePositionInLine: 1.&#xD;
AI Shopping Tips failed: The JSON value could not be converted to System.Collections.Generic.List`1[System.String]. Path: $ | LineNumber: 0 | BytePositionInLine: 1.&#xD;
AI Store Suggestions failed: The JSON value could not be converted to System.Collections.Generic.List`1[System.String]. Path: $ | LineNumber: 0 | BytePositionInLine: 1.&#xD;
AI Shopping Tips failed: The JSON value could not be converted to System.Collections.Generic.List`1[System.String]. Path: $ | LineNumber: 0 | BytePositionInLine: 1.&#xD;
AI Store Suggestions failed: The JSON value could not be converted to System.Collections.Generic.List`1[System.String]. Path: $ | LineNumber: 0 | BytePositionInLine: 1.&#xD;
AI Shopping Tips failed: The JSON value could not be converted to System.Collections.Generic.List`1[System.String]. Path: $ | LineNumber: 0 | BytePositionInLine: 1.&#xD;
?? Shopping list exported to Notes: Test List_20251109_2031.txt&#xD;
Content preview: ?? SMART SHOPPING LIST - 09/11/2025 13:31&#xD;
?? Generated for: Test Recipe&#xD;
?? Estimated Cost: $8.99&#xD;
?? Estimated Time: 15 minutes&#xD;
?? Total Items: 1&#xD;
??? Meat &amp; Seafood () - &#xD;
   Total: $0.00 | Item...&#xD;
AI Parsing Error: AI service unavailable&#xD;
AI Health Feedback Error: AI service unavailable&#xD;
AI Parsing Error: AI service unavailable&#xD;
AI Store Suggestions failed: The JSON value could not be converted to System.Collections.Generic.List`1[System.String]. Path: $ | LineNumber: 0 | BytePositionInLine: 1.&#xD;
AI Shopping Tips failed: The JSON value could not be converted to System.Collections.Generic.List`1[System.String]. Path: $ | LineNumber: 0 | BytePositionInLine: 1.&#xD;
AI Store Suggestions failed: The JSON value could not be converted to System.Collections.Generic.List`1[System.String]. Path: $ | LineNumber: 0 | BytePositionInLine: 1.&#xD;
AI Shopping Tips failed: The JSON value could not be converted to System.Collections.Generic.List`1[System.String]. Path: $ | LineNumber: 0 | BytePositionInLine: 1.&#xD;
AI Store Suggestions failed: The JSON value could not be converted to System.Collections.Generic.List`1[System.String]. Path: $ | LineNumber: 0 | BytePositionInLine: 1.&#xD;
AI Shopping Tips failed: The JSON value could not be converted to System.Collections.Generic.List`1[System.String]. Path: $ | LineNumber: 0 | BytePositionInLine: 1.&#xD;
?? Shopping list exported to Notes: Empty List_20251109_2031.txt&#xD;
Content preview: ?? SMART SHOPPING LIST - 09/11/2025 13:31&#xD;
?? Generated for: &#xD;
?? Estimated Cost: $0.00&#xD;
?? Estimated Time: 0 minutes&#xD;
?? Total Items: 0&#xD;
Generated by FoodBook Smart Shopping List ???&#xD;
...&#xD;
AI Analysis failed: AI service unavailable&#xD;
AI Store Suggestions failed: AI service unavailable&#xD;
AI Shopping Tips failed: AI service unavailable&#xD;
AI Health Feedback Error: AI service unavailable&#xD;
[xUnit.net 00:01:04.25]   Finished:    Foodbook.Tests&#xD;
</StdOut>
    </Output>
  </ResultSummary>
</TestRun>